2026-01-18 20:48:33,913 - WARNING - ⚠️  未配置私钥，仅模拟交易
2026-01-18 20:48:33,913 - INFO - 🔧 当前配置:
2026-01-18 20:48:33,913 - INFO -    时间阈值: 30 分钟
2026-01-18 20:48:33,913 - INFO -    胜率范围: 85.0% - 95.0%
2026-01-18 20:48:33,913 - INFO -    交易金额: $10.0 USDC
2026-01-18 20:48:33,913 - INFO -    模拟模式: True
2026-01-18 20:48:33,913 - INFO - ============================================================
2026-01-18 20:48:33,913 - INFO - 🤖 开始交易扫描 - 2026-01-18 20:48:33
2026-01-18 20:48:33,913 - INFO - ============================================================
2026-01-18 20:48:33,913 - INFO - 🔍 开始扫描交易机会...
2026-01-18 20:48:33,913 - INFO - 📊 参数: 时间阈值=30分钟, 胜率=85.0%-95.0%
2026-01-18 20:48:40,635 - INFO - 🎯 扫描完成: 检查了1000个市场，发现0个机会
2026-01-18 20:48:40,635 - INFO - 📭 未发现符合条件的交易机会
2026-01-18 20:53:56,456 - WARNING - ⚠️  未配置私钥，仅模拟交易
2026-01-18 20:53:56,456 - INFO - 🔧 当前配置:
2026-01-18 20:53:56,456 - INFO -    时间阈值: 30 分钟
2026-01-18 20:53:56,456 - INFO -    胜率范围: 85.0% - 95.0%
2026-01-18 20:53:56,456 - INFO -    交易金额: $10.0 USDC
2026-01-18 20:53:56,456 - INFO -    模拟模式: True
2026-01-18 20:53:56,456 - INFO - ============================================================
2026-01-18 20:53:56,456 - INFO - 🤖 开始交易扫描 - 2026-01-18 20:53:56
2026-01-18 20:53:56,456 - INFO - ============================================================
2026-01-18 20:53:56,456 - INFO - 🔍 开始扫描交易机会...
2026-01-18 20:53:56,456 - INFO - 📊 参数: 时间阈值=30分钟, 胜率=85.0%-95.0%
2026-01-18 20:54:01,874 - INFO - 🎯 扫描完成: 检查了1000个市场，发现0个机会
2026-01-18 20:54:01,874 - INFO - 📭 未发现符合条件的交易机会
