[2026-01-26 01:07:04] [INFO] 📋 基准价格设置: $88,075.96
[2026-01-26 01:07:04] [INFO] 🚀 启动BTC 15分钟双向策略
[2026-01-26 01:07:04] [INFO] ============================================================
[2026-01-26 01:07:04] [INFO] 📊 策略参数:
[2026-01-26 01:07:04] [INFO]    交易时段: 0:00-24:00 (北京时间)
[2026-01-26 01:07:04] [INFO]    基准价格: $88,075.96 (入参设置)
[2026-01-26 01:07:04] [INFO]    价格阈值: ±$30 (缓冲: $32)
[2026-01-26 01:07:04] [INFO]    买入窗口: 区间开始5分钟后 至 结束前1分钟
[2026-01-26 01:07:04] [INFO]    卖出窗口: 无限制 (任何时间可卖出)
[2026-01-26 01:07:04] [INFO]    入场概率: 75.0% (双向检测)
[2026-01-26 01:07:04] [INFO]    止盈概率: 90.0%
[2026-01-26 01:07:04] [INFO]    止损概率: 55.00000000000001%
[2026-01-26 01:07:04] [INFO]    特殊止盈: 85.0% + 30秒横盘
[2026-01-26 01:07:04] [INFO]    滑点保护: 最大2.0%, 缓冲1.0%
[2026-01-26 01:07:04] [INFO]    交易金额: $5.0
[2026-01-26 01:07:04] [INFO]    价格监控: 每分钟显示与基准价格差额
[2026-01-26 01:07:04] [INFO] ============================================================
[2026-01-26 01:07:04] [INFO] 🚀 启动BTC价格监控
[2026-01-26 01:07:04] [INFO] 📊 [01:07] BTC: $87,962.22 | 基准: $88,075.96 | 差额: ↘️$113.74 | 阈值$32: ✅ 满足
[2026-01-26 01:07:04] [INFO] 📅 新的15分钟区间: 01:00-01:15
[2026-01-26 01:07:04] [INFO] 📊 区间开始价格: $87,962.22
[2026-01-26 01:07:04] [INFO] 📊 基准价格: $88,075.96
[2026-01-26 01:07:04] [INFO] 🎯 开始执行BTC 15分钟双向策略
[2026-01-26 01:07:04] [INFO] 市场ID: 1259263
[2026-01-26 01:07:04] [INFO] 📊 市场: Bitcoin Up or Down - January 25, 12:00PM-12:15PM ET
[2026-01-26 01:07:04] [INFO] 🎲 YES Token: 27816968102560588790787449804890316373816709930842061617363216837009519610310 (Up)
[2026-01-26 01:07:04] [INFO] 🎲 NO Token: 105354652712363326170343896323371467892606052460960336989367697228721450083979 (Down)
[2026-01-26 01:07:05] [DEBUG] 🔍 YES orderbook type: <class 'py_clob_client.clob_types.OrderBookSummary'>
[2026-01-26 01:07:05] [DEBUG] 🔍 YES bids: [OrderSummary(price='0.01', size='10882.98'), OrderSummary(price='0.02', size='6135.25')]
[2026-01-26 01:07:05] [DEBUG] 🔍 YES asks: [OrderSummary(price='0.99', size='10327.6'), OrderSummary(price='0.98', size='5952.36')]
[2026-01-26 01:07:05] [INFO] 📊 当前概率: YES=0.500, NO=0.500
[2026-01-26 01:07:05] [INFO] 🚀 入场信号: NO 概率50.0%, 方向down, 价格波动 $113.74 >= $32 (基准$88,076)
[2026-01-26 01:07:05] [INFO] 🎯 准备入场: token_id=105354652712363326170343896323371467892606052460960336989367697228721450083979, 预期概率=0.500
[2026-01-26 01:07:05] [INFO] 📊 滑点调整: 原始概率=0.500, 调整后=0.505
[2026-01-26 01:07:05] [DEBUG] 🔍 YES orderbook type: <class 'py_clob_client.clob_types.OrderBookSummary'>
[2026-01-26 01:07:05] [DEBUG] 🔍 YES bids: [OrderSummary(price='0.01', size='10882.98'), OrderSummary(price='0.02', size='6135.25')]
[2026-01-26 01:07:05] [DEBUG] 🔍 YES asks: [OrderSummary(price='0.99', size='10327.6'), OrderSummary(price='0.98', size='5952.36')]
[2026-01-26 01:07:06] [INFO] 📊 当前概率: YES=0.500, NO=0.500
[2026-01-26 01:07:06] [INFO] 🔍 滑点检查: 滑点可接受: 0.00%
[2026-01-26 01:07:06] [INFO] 💰 计算份额: $5.0 / 0.500 = 10.000000 → 10.0 shares (2位小数)
[2026-01-26 01:07:06] [ERROR] ❌ 入场操作失败: PolyApiException[status_code=400, error_message={'error': 'invalid amounts, the buy orders maker amount supports a max accuracy of 4 decimals, taker amount a max of 2 decimals'}]
[2026-01-26 01:07:09] [INFO] 🛑 停止BTC 15分钟策略
[2026-01-26 01:07:09] [INFO] 🛑 停止BTC 15分钟策略
