[2026-01-26 00:54:57] [INFO] 📋 基准价格设置: $87,859.80
[2026-01-26 00:54:57] [INFO] 🚀 启动BTC 15分钟双向策略
[2026-01-26 00:54:57] [INFO] ============================================================
[2026-01-26 00:54:57] [INFO] 📊 策略参数:
[2026-01-26 00:54:57] [INFO]    交易时段: 0:00-24:00 (北京时间)
[2026-01-26 00:54:57] [INFO]    基准价格: $87,859.80 (入参设置)
[2026-01-26 00:54:57] [INFO]    价格阈值: ±$30 (缓冲: $32)
[2026-01-26 00:54:57] [INFO]    买入窗口: 区间开始5分钟后 至 结束前1分钟
[2026-01-26 00:54:57] [INFO]    卖出窗口: 无限制 (任何时间可卖出)
[2026-01-26 00:54:57] [INFO]    入场概率: 75.0% (双向检测)
[2026-01-26 00:54:57] [INFO]    止盈概率: 90.0%
[2026-01-26 00:54:57] [INFO]    止损概率: 55.00000000000001%
[2026-01-26 00:54:57] [INFO]    特殊止盈: 85.0% + 30秒横盘
[2026-01-26 00:54:57] [INFO]    交易金额: $5.0
[2026-01-26 00:54:57] [INFO]    价格监控: 每分钟显示与基准价格差额
[2026-01-26 00:54:57] [INFO] ============================================================
[2026-01-26 00:54:57] [INFO] 🚀 启动BTC价格监控
[2026-01-26 00:54:58] [INFO] 📊 [00:54] BTC: $88,020.20 | 基准: $87,859.80 | 差额: ↗️$160.40 | 阈值$32: ✅ 满足
[2026-01-26 00:54:58] [INFO] 📅 新的15分钟区间: 00:45-01:00
[2026-01-26 00:54:58] [INFO] 📊 区间开始价格: $88,020.20
[2026-01-26 00:54:58] [INFO] 📊 基准价格: $87,859.80
[2026-01-26 00:54:58] [INFO] 🎯 开始执行BTC 15分钟双向策略
[2026-01-26 00:54:58] [INFO] 市场ID: 1259117
[2026-01-26 00:54:58] [INFO] 📊 市场: Bitcoin Up or Down - January 25, 11:45AM-12:00PM ET
[2026-01-26 00:54:58] [INFO] 🎲 YES Token: 50063194338049045103679687209543603761629633388438548134807890777052464084750 (Up)
[2026-01-26 00:54:58] [INFO] 🎲 NO Token: 33317156946382895112926124067276499348473776289607355669697859504507010476538 (Down)
[2026-01-26 00:54:58] [DEBUG] 🔍 YES orderbook type: <class 'py_clob_client.clob_types.OrderBookSummary'>
[2026-01-26 00:54:58] [DEBUG] 🔍 YES bids: [OrderSummary(price='0.01', size='11522.77'), OrderSummary(price='0.02', size='5553.5')]
[2026-01-26 00:54:58] [DEBUG] 🔍 YES asks: [OrderSummary(price='0.99', size='10797.98'), OrderSummary(price='0.98', size='5639.99')]
[2026-01-26 00:54:58] [INFO] 📊 当前概率: YES=0.500, NO=0.500
[2026-01-26 00:54:58] [INFO] 🚀 入场信号: YES 概率50.0%, 方向up, 价格波动 $160.40 >= $32 (基准$87,860)
[2026-01-26 00:54:58] [token] enter_position: 50063194338049045103679687209543603761629633388438548134807890777052464084750
[2026-01-26 00:54:58] [ERROR] ❌ 入场操作失败: name 'BUY' is not defined
[2026-01-26 00:55:00] [INFO] 📊 [00:55] BTC: $88,020.20 | 基准: $87,859.80 | 差额: ↗️$160.40 | 阈值$32: ✅ 满足
[2026-01-26 00:55:00] [INFO] 🛑 停止BTC 15分钟策略
[2026-01-26 00:55:00] [INFO] 🛑 停止BTC 15分钟策略
