[2026-01-24 00:00:34] [INFO] 📋 基准价格设置: $89,646.09
[2026-01-24 00:00:35] [INFO] 🚀 启动BTC 15分钟双向策略
[2026-01-24 00:00:35] [INFO] ============================================================
[2026-01-24 00:00:35] [INFO] 📊 策略参数:
[2026-01-24 00:00:35] [INFO]    交易时段: 10:00-24:00 (北京时间)
[2026-01-24 00:00:35] [INFO]    基准价格: $89,646.09 (入参设置)
[2026-01-24 00:00:35] [INFO]    价格阈值: ±$30 (缓冲: $32)
[2026-01-24 00:00:35] [INFO]    入场概率: 75.0% (双向检测)
[2026-01-24 00:00:35] [INFO]    止盈概率: 90.0%
[2026-01-24 00:00:35] [INFO]    止损概率: 55.00000000000001%
[2026-01-24 00:00:35] [INFO]    特殊止盈: 85.0% + 30秒横盘
[2026-01-24 00:00:35] [INFO]    交易金额: $5.0
[2026-01-24 00:00:35] [INFO] ============================================================
[2026-01-24 00:00:35] [INFO] 🚀 启动BTC价格监控
[2026-01-24 00:00:35] [INFO] 📅 新的15分钟区间: 00:00-00:15
[2026-01-24 00:00:35] [INFO] 📊 区间开始价格: $89,704.65
[2026-01-24 00:00:35] [INFO] 📊 基准价格: $89,646.09
[2026-01-24 00:00:35] [INFO] 🎯 开始执行BTC 15分钟双向策略
[2026-01-24 00:00:35] [INFO] 市场ID: 1242655
[2026-01-24 00:00:35] [INFO] 📊 市场: Bitcoin Up or Down - January 23, 11:00AM-11:15AM ET
[2026-01-24 00:00:35] [INFO] 🎲 YES Token: 18570116819178749987472000648103768146476434703429711113028296665488827264224 (Up)
[2026-01-24 00:00:35] [INFO] 🎲 NO Token: 51166591272564075864627538920377568992726139392572429716575017976980171893987 (Down)
[2026-01-24 00:00:35] [INFO] ⏰ 不在交易时段，等待...
[2026-01-24 00:00:40] [INFO] 🛑 停止BTC 15分钟策略
[2026-01-24 00:00:40] [INFO] 🛑 停止BTC 15分钟策略
