[2026-01-26 00:47:40] [INFO] 📋 基准价格设置: $87,859.80
[2026-01-26 00:47:41] [INFO] 🚀 启动BTC 15分钟双向策略
[2026-01-26 00:47:41] [INFO] ============================================================
[2026-01-26 00:47:41] [INFO] 📊 策略参数:
[2026-01-26 00:47:41] [INFO]    交易时段: 0:00-24:00 (北京时间)
[2026-01-26 00:47:41] [INFO]    基准价格: $87,859.80 (入参设置)
[2026-01-26 00:47:41] [INFO]    价格阈值: ±$30 (缓冲: $32)
[2026-01-26 00:47:41] [INFO]    买入窗口: 区间开始5分钟后 至 结束前1分钟
[2026-01-26 00:47:41] [INFO]    卖出窗口: 无限制 (任何时间可卖出)
[2026-01-26 00:47:41] [INFO]    入场概率: 75.0% (双向检测)
[2026-01-26 00:47:41] [INFO]    止盈概率: 90.0%
[2026-01-26 00:47:41] [INFO]    止损概率: 55.00000000000001%
[2026-01-26 00:47:41] [INFO]    特殊止盈: 85.0% + 30秒横盘
[2026-01-26 00:47:41] [INFO]    交易金额: $5.0
[2026-01-26 00:47:41] [INFO]    价格监控: 每分钟显示与基准价格差额
[2026-01-26 00:47:41] [INFO] ============================================================
[2026-01-26 00:47:41] [INFO] 🚀 启动BTC价格监控
[2026-01-26 00:47:41] [INFO] 📊 [00:47] BTC: $87,875.50 | 基准: $87,859.80 | 差额: ↗️$15.70 | 阈值$32: ❌ 不满足
[2026-01-26 00:47:41] [INFO] 📅 新的15分钟区间: 00:45-01:00
[2026-01-26 00:47:41] [INFO] 📊 区间开始价格: $87,875.50
[2026-01-26 00:47:41] [INFO] 📊 基准价格: $87,859.80
[2026-01-26 00:47:41] [INFO] 🎯 开始执行BTC 15分钟双向策略
[2026-01-26 00:47:41] [INFO] 市场ID: 1259117
[2026-01-26 00:47:41] [INFO] 📊 市场: Bitcoin Up or Down - January 25, 11:45AM-12:00PM ET
[2026-01-26 00:47:41] [INFO] 🎲 YES Token: 50063194338049045103679687209543603761629633388438548134807890777052464084750 (Up)
[2026-01-26 00:47:41] [INFO] 🎲 NO Token: 33317156946382895112926124067276499348473776289607355669697859504507010476538 (Down)
[2026-01-26 00:47:41] [DEBUG] 🔍 YES orderbook type: <class 'py_clob_client.clob_types.OrderBookSummary'>
[2026-01-26 00:47:41] [DEBUG] 🔍 YES bids: [OrderSummary(price='0.01', size='12833.48'), OrderSummary(price='0.02', size='7684.34')]
[2026-01-26 00:47:41] [DEBUG] 🔍 YES asks: [OrderSummary(price='0.99', size='14776.08'), OrderSummary(price='0.98', size='7620.74')]
[2026-01-26 00:47:41] [INFO] 📊 当前概率: YES=0.500, NO=0.500
[2026-01-26 00:47:41] [INFO] ⏳ 买入限制: 距离可入场时间还有 138 秒 (需等待5分钟)
[2026-01-26 00:47:45] [INFO] 🛑 停止BTC 15分钟策略
[2026-01-26 00:47:45] [INFO] 🛑 停止BTC 15分钟策略
