[2026-01-26 00:59:54] [INFO] 📋 基准价格设置: $88,075.96
[2026-01-26 00:59:55] [INFO] 🚀 启动BTC 15分钟双向策略
[2026-01-26 00:59:55] [INFO] ============================================================
[2026-01-26 00:59:55] [INFO] 📊 策略参数:
[2026-01-26 00:59:55] [INFO]    交易时段: 0:00-24:00 (北京时间)
[2026-01-26 00:59:55] [INFO]    基准价格: $88,075.96 (入参设置)
[2026-01-26 00:59:55] [INFO]    价格阈值: ±$30 (缓冲: $32)
[2026-01-26 00:59:55] [INFO]    买入窗口: 区间开始5分钟后 至 结束前1分钟
[2026-01-26 00:59:55] [INFO]    卖出窗口: 无限制 (任何时间可卖出)
[2026-01-26 00:59:55] [INFO]    入场概率: 75.0% (双向检测)
[2026-01-26 00:59:55] [INFO]    止盈概率: 90.0%
[2026-01-26 00:59:55] [INFO]    止损概率: 55.00000000000001%
[2026-01-26 00:59:55] [INFO]    特殊止盈: 85.0% + 30秒横盘
[2026-01-26 00:59:55] [INFO]    滑点保护: 最大2.0%, 缓冲1.0%
[2026-01-26 00:59:55] [INFO]    交易金额: $5.0
[2026-01-26 00:59:55] [INFO]    价格监控: 每分钟显示与基准价格差额
[2026-01-26 00:59:55] [INFO] ============================================================
[2026-01-26 00:59:55] [INFO] 🚀 启动BTC价格监控
[2026-01-26 00:59:55] [INFO] 📊 [00:59] BTC: $88,077.26 | 基准: $88,075.96 | 差额: ↗️$1.30 | 阈值$32: ❌ 不满足
[2026-01-26 00:59:55] [INFO] 📅 新的15分钟区间: 00:45-01:00
[2026-01-26 00:59:55] [INFO] 📊 区间开始价格: $88,077.26
[2026-01-26 00:59:55] [INFO] 📊 基准价格: $88,075.96
[2026-01-26 00:59:55] [INFO] 🎯 开始执行BTC 15分钟双向策略
[2026-01-26 00:59:55] [INFO] 市场ID: 1259263
[2026-01-26 00:59:55] [INFO] 📊 市场: Bitcoin Up or Down - January 25, 12:00PM-12:15PM ET
[2026-01-26 00:59:55] [INFO] 🎲 YES Token: 27816968102560588790787449804890316373816709930842061617363216837009519610310 (Up)
[2026-01-26 00:59:55] [INFO] 🎲 NO Token: 105354652712363326170343896323371467892606052460960336989367697228721450083979 (Down)
[2026-01-26 00:59:55] [DEBUG] 🔍 YES orderbook type: <class 'py_clob_client.clob_types.OrderBookSummary'>
[2026-01-26 00:59:55] [DEBUG] 🔍 YES bids: [OrderSummary(price='0.01', size='9349.17'), OrderSummary(price='0.02', size='3124.75')]
[2026-01-26 00:59:55] [DEBUG] 🔍 YES asks: [OrderSummary(price='0.99', size='8424.71'), OrderSummary(price='0.98', size='3124.75')]
[2026-01-26 00:59:55] [INFO] 📊 当前概率: YES=0.500, NO=0.500
[2026-01-26 00:59:55] [INFO] ⏳ 买入限制: 距离结算时间太近，禁止入场
[2026-01-26 01:00:01] [INFO] 📊 [01:00] BTC: $88,077.26 | 基准: $88,075.96 | 差额: ↗️$1.30 | 阈值$32: ❌ 不满足
[2026-01-26 01:00:01] [INFO] 📅 新的15分钟区间: 01:00-01:15
[2026-01-26 01:00:01] [INFO] 📊 区间开始价格: $88,077.26
[2026-01-26 01:00:01] [INFO] 📊 基准价格: $88,075.96
[2026-01-26 01:00:06] [DEBUG] 🔍 YES orderbook type: <class 'py_clob_client.clob_types.OrderBookSummary'>
[2026-01-26 01:00:06] [DEBUG] 🔍 YES bids: [OrderSummary(price='0.01', size='13156.49'), OrderSummary(price='0.02', size='6392.75')]
[2026-01-26 01:00:06] [DEBUG] 🔍 YES asks: [OrderSummary(price='0.99', size='11232.49'), OrderSummary(price='0.98', size='6398.45')]
[2026-01-26 01:00:06] [INFO] 📊 当前概率: YES=0.500, NO=0.500
[2026-01-26 01:00:06] [INFO] ⏳ 买入限制: 距离可入场时间还有 294 秒 (需等待5分钟)
[2026-01-26 01:00:16] [DEBUG] 🔍 YES orderbook type: <class 'py_clob_client.clob_types.OrderBookSummary'>
[2026-01-26 01:00:16] [DEBUG] 🔍 YES bids: [OrderSummary(price='0.01', size='13776.87'), OrderSummary(price='0.02', size='6942.75')]
[2026-01-26 01:00:16] [DEBUG] 🔍 YES asks: [OrderSummary(price='0.99', size='11771.14'), OrderSummary(price='0.98', size='6973.45')]
[2026-01-26 01:00:17] [INFO] 📊 当前概率: YES=0.500, NO=0.500
[2026-01-26 01:00:17] [INFO] ⏳ 买入限制: 距离可入场时间还有 283 秒 (需等待5分钟)
[2026-01-26 01:00:27] [DEBUG] 🔍 YES orderbook type: <class 'py_clob_client.clob_types.OrderBookSummary'>
[2026-01-26 01:00:27] [DEBUG] 🔍 YES bids: [OrderSummary(price='0.01', size='13797.06'), OrderSummary(price='0.02', size='7048.15')]
[2026-01-26 01:00:27] [DEBUG] 🔍 YES asks: [OrderSummary(price='0.99', size='11781.48'), OrderSummary(price='0.98', size='7073.45')]
[2026-01-26 01:00:27] [INFO] 📊 当前概率: YES=0.500, NO=0.500
[2026-01-26 01:00:27] [INFO] ⏳ 买入限制: 距离可入场时间还有 272 秒 (需等待5分钟)
[2026-01-26 01:00:30] [INFO] 🛑 停止BTC 15分钟策略
[2026-01-26 01:00:30] [INFO] 🛑 停止BTC 15分钟策略
