[2026-01-26 00:14:50] [INFO] 📋 基准价格设置: $87,944.41
[2026-01-26 00:14:50] [INFO] 🚀 启动BTC 15分钟双向策略
[2026-01-26 00:14:50] [INFO] ============================================================
[2026-01-26 00:14:50] [INFO] 📊 策略参数:
[2026-01-26 00:14:50] [INFO]    交易时段: 10:00-24:00 (北京时间)
[2026-01-26 00:14:50] [INFO]    基准价格: $87,944.41 (入参设置)
[2026-01-26 00:14:50] [INFO]    价格阈值: ±$30 (缓冲: $32)
[2026-01-26 00:14:50] [INFO]    买入窗口: 区间开始5分钟后 至 结束前1分钟
[2026-01-26 00:14:50] [INFO]    卖出窗口: 无限制 (任何时间可卖出)
[2026-01-26 00:14:50] [INFO]    入场概率: 75.0% (双向检测)
[2026-01-26 00:14:50] [INFO]    止盈概率: 90.0%
[2026-01-26 00:14:50] [INFO]    止损概率: 55.00000000000001%
[2026-01-26 00:14:50] [INFO]    特殊止盈: 85.0% + 30秒横盘
[2026-01-26 00:14:50] [INFO]    交易金额: $5.0
[2026-01-26 00:14:50] [INFO]    价格监控: 每分钟显示与基准价格差额
[2026-01-26 00:14:50] [INFO] ============================================================
[2026-01-26 00:14:50] [INFO] 🚀 启动BTC价格监控
[2026-01-26 00:14:50] [INFO] 📊 [00:14] BTC: $87,944.41 | 基准: $87,944.41 | 差额: ➡️$0.00 | 阈值$32: ❌ 不满足
[2026-01-26 00:14:50] [INFO] 📅 新的15分钟区间: 00:00-00:15
[2026-01-26 00:14:50] [INFO] 📊 区间开始价格: $87,944.41
[2026-01-26 00:14:50] [INFO] 📊 基准价格: $87,944.41
[2026-01-26 00:14:50] [INFO] 🎯 开始执行BTC 15分钟双向策略
[2026-01-26 00:14:50] [INFO] 市场ID: 1259063
[2026-01-26 00:14:50] [INFO] 📊 市场: Bitcoin Up or Down - January 25, 11:15AM-11:30AM ET
[2026-01-26 00:14:50] [INFO] 🎲 YES Token: 55467476320029933831031797213427120290356148959221070807878898047680148958244 (Up)
[2026-01-26 00:14:50] [INFO] 🎲 NO Token: 23801249418185404019337682751125047091851705482401732481725965168604078863160 (Down)
[2026-01-26 00:14:50] [INFO] ⏰ 不在交易时段，等待...
[2026-01-26 00:15:00] [INFO] 📊 [00:15] BTC: $87,904.71 | 基准: $87,944.41 | 差额: ↘️$39.70 | 阈值$32: ✅ 满足
[2026-01-26 00:15:00] [INFO] 📅 新的15分钟区间: 00:15-00:30
[2026-01-26 00:15:00] [INFO] 📊 区间开始价格: $87,904.71
[2026-01-26 00:15:00] [INFO] 📊 基准价格: $87,944.41
[2026-01-26 00:15:48] [INFO] 🛑 停止BTC 15分钟策略
[2026-01-26 00:15:48] [INFO] 🛑 停止BTC 15分钟策略
