[2026-01-26 01:39:09] [INFO] 📋 基准价格设置: $87,912.10
[2026-01-26 01:39:09] [INFO] 🚀 启动BTC 15分钟双向策略
[2026-01-26 01:39:09] [INFO] ============================================================
[2026-01-26 01:39:09] [INFO] 📊 策略参数:
[2026-01-26 01:39:09] [INFO]    交易时段: 0:00-24:00 (北京时间)
[2026-01-26 01:39:09] [INFO]    基准价格: $87,912.10 (入参设置)
[2026-01-26 01:39:09] [INFO]    价格阈值: ±$30 (缓冲: $32)
[2026-01-26 01:39:09] [INFO]    买入窗口: 区间开始5分钟后 至 结束前1分钟
[2026-01-26 01:39:09] [INFO]    卖出窗口: 无限制 (任何时间可卖出)
[2026-01-26 01:39:09] [INFO]    入场概率: 75.0% (双向检测)
[2026-01-26 01:39:09] [INFO]    止盈概率: 90.0%
[2026-01-26 01:39:09] [INFO]    止损概率: 55.00000000000001%
[2026-01-26 01:39:09] [INFO]    特殊止盈: 85.0% + 30秒横盘
[2026-01-26 01:39:09] [INFO]    交易金额: $5.0
[2026-01-26 01:39:09] [INFO]    价格监控: 每分钟显示与基准价格差额
[2026-01-26 01:39:09] [INFO] ============================================================
[2026-01-26 01:39:09] [INFO] 🚀 启动BTC价格监控
[2026-01-26 01:39:09] [INFO] 📊 [01:39] BTC: $87,900.00 | 基准: $87,912.10 | 差额: ↘️$12.10 | 阈值$32: ❌ 不满足
[2026-01-26 01:39:09] [INFO] 📅 新的15分钟区间: 01:30-01:45
[2026-01-26 01:39:09] [INFO] 📊 区间开始价格: $87,900.00
[2026-01-26 01:39:09] [INFO] 📊 基准价格: $87,912.10
[2026-01-26 01:39:09] [INFO] 🎯 开始执行BTC 15分钟双向策略
[2026-01-26 01:39:09] [INFO] 市场ID: 1259505
[2026-01-26 01:39:09] [INFO] 📊 市场: Bitcoin Up or Down - January 25, 12:30PM-12:45PM ET
[2026-01-26 01:39:09] [INFO] 🎲 YES Token: 90709795165127079186905942275027667689148878427020998791617562199990280400615 (Up)
[2026-01-26 01:39:09] [INFO] 🎲 NO Token: 66842793293474353022909811130906781367268009718797790816476661990475156831071 (Down)
[2026-01-26 01:39:09] [INFO] 📊 市场概率: YES=50.0% (0.500), NO=50.0% (0.500)
[2026-01-26 01:39:09] [INFO] 📈 价格波动 $12.10 < $32 (基准$87,912)
[2026-01-26 01:39:20] [INFO] 📊 市场概率: YES=50.0% (0.500), NO=50.0% (0.500)
[2026-01-26 01:39:20] [INFO] 📈 价格波动 $6.48 < $32 (基准$87,912)
[2026-01-26 01:39:31] [INFO] 📊 市场概率: YES=50.0% (0.500), NO=50.0% (0.500)
[2026-01-26 01:39:31] [INFO] 📈 价格波动 $15.59 < $32 (基准$87,912)
[2026-01-26 01:39:42] [INFO] 📊 市场概率: YES=50.0% (0.500), NO=50.0% (0.500)
[2026-01-26 01:39:42] [INFO] 📈 价格波动 $15.59 < $32 (基准$87,912)
[2026-01-26 01:39:52] [INFO] 📊 市场概率: YES=50.0% (0.500), NO=50.0% (0.500)
[2026-01-26 01:39:52] [INFO] 📈 价格波动 $15.58 < $32 (基准$87,912)
[2026-01-26 01:40:00] [INFO] 📊 [01:40] BTC: $87,912.11 | 基准: $87,912.10 | 差额: ↗️$0.01 | 阈值$32: ❌ 不满足
[2026-01-26 01:40:03] [INFO] 📊 市场概率: YES=50.0% (0.500), NO=50.0% (0.500)
[2026-01-26 01:40:03] [INFO] 📈 价格波动 $0.00 < $32 (基准$87,912)
[2026-01-26 01:40:14] [INFO] 📊 市场概率: YES=50.0% (0.500), NO=50.0% (0.500)
[2026-01-26 01:40:14] [INFO] 📈 价格波动 $0.01 < $32 (基准$87,912)
[2026-01-26 01:40:24] [INFO] 📊 市场概率: YES=50.0% (0.500), NO=50.0% (0.500)
[2026-01-26 01:40:24] [INFO] 📈 价格波动 $0.00 < $32 (基准$87,912)
[2026-01-26 01:40:35] [INFO] 📊 市场概率: YES=50.0% (0.500), NO=50.0% (0.500)
[2026-01-26 01:40:35] [INFO] 📈 价格波动 $0.00 < $32 (基准$87,912)
[2026-01-26 01:40:46] [INFO] 📊 市场概率: YES=50.0% (0.500), NO=50.0% (0.500)
[2026-01-26 01:40:46] [INFO] 📈 价格波动 $0.00 < $32 (基准$87,912)
[2026-01-26 01:40:56] [INFO] 📊 市场概率: YES=50.0% (0.500), NO=50.0% (0.500)
[2026-01-26 01:40:56] [INFO] 📈 价格波动 $0.01 < $32 (基准$87,912)
[2026-01-26 01:41:00] [INFO] 📊 [01:41] BTC: $87,905.94 | 基准: $87,912.10 | 差额: ↘️$6.16 | 阈值$32: ❌ 不满足
[2026-01-26 01:41:07] [INFO] 📊 市场概率: YES=50.0% (0.500), NO=50.0% (0.500)
[2026-01-26 01:41:07] [INFO] 📈 价格波动 $6.15 < $32 (基准$87,912)
[2026-01-26 01:41:17] [INFO] 📊 市场概率: YES=50.0% (0.500), NO=50.0% (0.500)
[2026-01-26 01:41:17] [INFO] 📈 价格波动 $10.25 < $32 (基准$87,912)
[2026-01-26 01:41:28] [INFO] 📊 市场概率: YES=50.0% (0.500), NO=50.0% (0.500)
[2026-01-26 01:41:28] [INFO] 📈 价格波动 $0.01 < $32 (基准$87,912)
[2026-01-26 01:41:39] [INFO] 📊 市场概率: YES=50.0% (0.500), NO=50.0% (0.500)
[2026-01-26 01:41:39] [INFO] 📈 价格波动 $19.69 < $32 (基准$87,912)
[2026-01-26 01:41:49] [INFO] 📊 市场概率: YES=50.0% (0.500), NO=50.0% (0.500)
[2026-01-26 01:41:49] [INFO] 📈 价格波动 $23.41 < $32 (基准$87,912)
[2026-01-26 01:42:00] [INFO] 📊 市场概率: YES=50.0% (0.500), NO=50.0% (0.500)
[2026-01-26 01:42:00] [INFO] 📈 价格波动 $20.48 < $32 (基准$87,912)
[2026-01-26 01:42:01] [INFO] 📊 [01:42] BTC: $87,932.60 | 基准: $87,912.10 | 差额: ↗️$20.50 | 阈值$32: ❌ 不满足
[2026-01-26 01:42:11] [INFO] 📊 市场概率: YES=50.0% (0.500), NO=50.0% (0.500)
[2026-01-26 01:42:11] [INFO] 🚀 入场信号: YES 概率50.0%, 方向up, 价格波动 $33.60 >= $32 (基准$87,912)
[2026-01-26 01:42:11] [INFO] 🎯 准备入场: token_id=90709795165127079186905942275027667689148878427020998791617562199990280400615, 预期概率=0.500
[2026-01-26 01:42:11] [INFO] 🛑 停止BTC 15分钟策略
[2026-01-26 01:42:11] [INFO] 🛑 停止BTC 15分钟策略
