[2026-01-26 01:25:38] [INFO] 📋 基准价格设置: $87,986.87
[2026-01-26 01:25:38] [INFO] 🚀 启动BTC 15分钟双向策略
[2026-01-26 01:25:38] [INFO] ============================================================
[2026-01-26 01:25:38] [INFO] 📊 策略参数:
[2026-01-26 01:25:38] [INFO]    交易时段: 0:00-24:00 (北京时间)
[2026-01-26 01:25:38] [INFO]    基准价格: $87,986.87 (入参设置)
[2026-01-26 01:25:38] [INFO]    价格阈值: ±$30 (缓冲: $32)
[2026-01-26 01:25:38] [INFO]    买入窗口: 区间开始5分钟后 至 结束前1分钟
[2026-01-26 01:25:38] [INFO]    卖出窗口: 无限制 (任何时间可卖出)
[2026-01-26 01:25:38] [INFO]    入场概率: 75.0% (双向检测)
[2026-01-26 01:25:38] [INFO]    止盈概率: 90.0%
[2026-01-26 01:25:38] [INFO]    止损概率: 55.00000000000001%
[2026-01-26 01:25:38] [INFO]    特殊止盈: 85.0% + 30秒横盘
[2026-01-26 01:25:38] [INFO]    交易金额: $5.0
[2026-01-26 01:25:38] [INFO]    价格监控: 每分钟显示与基准价格差额
[2026-01-26 01:25:38] [INFO] ============================================================
[2026-01-26 01:25:38] [INFO] 🚀 启动BTC价格监控
[2026-01-26 01:25:38] [INFO] 📊 [01:25] BTC: $87,859.52 | 基准: $87,986.87 | 差额: ↘️$127.35 | 阈值$32: ✅ 满足
[2026-01-26 01:25:38] [INFO] 📅 新的15分钟区间: 01:15-01:30
[2026-01-26 01:25:38] [INFO] 📊 区间开始价格: $87,859.52
[2026-01-26 01:25:38] [INFO] 📊 基准价格: $87,986.87
[2026-01-26 01:25:38] [INFO] 🎯 开始执行BTC 15分钟双向策略
[2026-01-26 01:25:38] [INFO] 市场ID: 1259482
[2026-01-26 01:25:38] [INFO] 📊 市场: Bitcoin Up or Down - January 25, 12:15PM-12:30PM ET
[2026-01-26 01:25:38] [INFO] 🎲 YES Token: 87151548246169946966654723638785544488538333385639433480366282385633967343907 (Up)
[2026-01-26 01:25:38] [INFO] 🎲 NO Token: 46046610135192098455993723185416604235293719270582693498687409431267627173464 (Down)
[2026-01-26 01:25:39] [INFO] 📊 市场概率: YES=50.0% (0.500), NO=50.0% (0.500)
[2026-01-26 01:25:39] [INFO] 🚀 入场信号: NO 概率50.0%, 方向down, 价格波动 $127.35 >= $32 (基准$87,987)
[2026-01-26 01:25:39] [INFO] 🎯 准备入场: token_id=46046610135192098455993723185416604235293719270582693498687409431267627173464, 预期概率=0.500
[2026-01-26 01:25:39] [INFO] 💰 计算份额: $5.0 / 0.500 = 10.000000 → 10.0 shares (2位小数)
[2026-01-26 01:25:39] [ERROR] ❌ 入场操作失败: name 'client' is not defined
[2026-01-26 01:25:42] [INFO] 🛑 停止BTC 15分钟策略
[2026-01-26 01:25:42] [INFO] 🛑 停止BTC 15分钟策略
