[2026-01-23 23:25:57] [INFO] 📋 基准价格设置: $88,705.73
[2026-01-23 23:25:57] [INFO] 🚀 启动BTC 15分钟双向策略
[2026-01-23 23:25:57] [INFO] ============================================================
[2026-01-23 23:25:57] [INFO] 📊 策略参数:
[2026-01-23 23:25:57] [INFO]    交易时段: 10:00-23:00 (北京时间)
[2026-01-23 23:25:57] [INFO]    基准价格: $88,705.73 (入参设置)
[2026-01-23 23:25:57] [INFO]    价格阈值: ±$30 (缓冲: $32)
[2026-01-23 23:25:57] [INFO]    入场概率: 75.0% (双向检测)
[2026-01-23 23:25:57] [INFO]    止盈概率: 90.0%
[2026-01-23 23:25:57] [INFO]    止损概率: 55.00000000000001%
[2026-01-23 23:25:57] [INFO]    特殊止盈: 85.0% + 30秒横盘
[2026-01-23 23:25:57] [INFO]    交易金额: $5.0
[2026-01-23 23:25:57] [INFO] ============================================================
[2026-01-23 23:25:57] [INFO] 🚀 启动BTC价格监控
[2026-01-23 23:25:57] [INFO] 📅 新的15分钟区间: 23:15-23:30
[2026-01-23 23:25:57] [INFO] 📊 区间开始价格: $89,146.17
[2026-01-23 23:25:57] [INFO] 📊 基准价格: $88,705.73
[2026-01-23 23:25:57] [INFO] 🎯 开始执行BTC 15分钟双向策略
[2026-01-23 23:25:57] [INFO] 市场ID: 1242246
[2026-01-23 23:25:57] [INFO] 📊 市场: Bitcoin Up or Down - January 23, 10:15AM-10:30AM ET
[2026-01-23 23:25:57] [INFO] 🎲 YES Token: 47004218215720369725196970015913583726294359748818271481075548074979043748946 (Up)
[2026-01-23 23:25:57] [INFO] 🎲 NO Token: 61739812666065115614016620974031550587357622945395113441025044324380364853977 (Down)
[2026-01-23 23:25:57] [INFO] ⏰ 不在交易时段，等待...
[2026-01-23 23:26:27] [INFO] 🛑 停止BTC 15分钟策略
[2026-01-23 23:26:27] [INFO] 🛑 停止BTC 15分钟策略
