[2026-01-26 09:51:38] [INFO] 📋 基准价格设置: $87,586.11
[2026-01-26 09:51:38] [INFO] 🚀 启动BTC 15分钟双向策略
[2026-01-26 09:51:38] [INFO] ============================================================
[2026-01-26 09:51:38] [INFO] 📊 策略参数:
[2026-01-26 09:51:38] [INFO]    交易时段: 0:00-24:00 (北京时间)
[2026-01-26 09:51:38] [INFO]    基准价格: $87,586.11 (入参设置)
[2026-01-26 09:51:38] [INFO]    价格阈值: ±$30 (缓冲: $32)
[2026-01-26 09:51:38] [INFO]    买入窗口: 区间开始5分钟后 至 结束前1分钟
[2026-01-26 09:51:38] [INFO]    卖出窗口: 无限制 (任何时间可卖出)
[2026-01-26 09:51:38] [INFO]    入场概率: 75.0% (双向检测)
[2026-01-26 09:51:38] [INFO]    止盈概率: 90.0%
[2026-01-26 09:51:38] [INFO]    止损概率: 55.00000000000001%
[2026-01-26 09:51:38] [INFO]    特殊止盈: 85.0% + 30秒横盘
[2026-01-26 09:51:38] [INFO]    交易金额: $5.0
[2026-01-26 09:51:38] [INFO]    价格监控: 每分钟显示与基准价格差额
[2026-01-26 09:51:38] [INFO] ============================================================
[2026-01-26 09:51:38] [INFO] 🚀 启动BTC价格监控
[2026-01-26 09:51:38] [INFO] 📊 [09:51] BTC: $87,561.04 | 基准: $87,586.11 | 差额: ↘️$25.07 | 阈值$32: ❌ 不满足
[2026-01-26 09:51:38] [INFO] 📅 新的15分钟区间: 09:45-10:00
[2026-01-26 09:51:38] [INFO] 📊 区间开始价格: $87,561.04
[2026-01-26 09:51:38] [INFO] 📊 基准价格: $87,586.11
[2026-01-26 09:51:38] [INFO] 🎯 开始执行BTC 15分钟双向策略
[2026-01-26 09:51:38] [INFO] 市场ID: 1262086
[2026-01-26 09:51:38] [INFO] 📊 市场: Bitcoin Up or Down - January 25, 8:45PM-9:00PM ET
[2026-01-26 09:51:38] [INFO] 🎲 YES Token: 50852635041657978395445841454819534934575817269251177389818086544609574243622 (Up)
[2026-01-26 09:51:38] [INFO] 🎲 NO Token: 33803869309840395854565641022128107534874852684597349424186342764286139372308 (Down)
[2026-01-26 09:51:39] [INFO] 📊 市场概率: YES=50.0% (0.500), NO=50.0% (0.500)
[2026-01-26 09:51:39] [INFO] 📈 价格波动 $25.07 < $32 (基准$87,586)
[2026-01-26 09:51:49] [INFO] 📊 市场概率: YES=50.0% (0.500), NO=50.0% (0.500)
[2026-01-26 09:51:49] [INFO] 📈 价格波动 $25.07 < $32 (基准$87,586)
[2026-01-26 09:52:00] [INFO] 📊 市场概率: YES=50.0% (0.500), NO=50.0% (0.500)
[2026-01-26 09:52:00] [INFO] 📈 价格波动 $16.51 < $32 (基准$87,586)
[2026-01-26 09:52:00] [INFO] 📊 [09:52] BTC: $87,569.60 | 基准: $87,586.11 | 差额: ↘️$16.51 | 阈值$32: ❌ 不满足
[2026-01-26 09:52:11] [INFO] 📊 市场概率: YES=50.0% (0.500), NO=50.0% (0.500)
[2026-01-26 09:52:11] [INFO] 📈 价格波动 $16.51 < $32 (基准$87,586)
[2026-01-26 09:52:21] [INFO] 📊 市场概率: YES=50.0% (0.500), NO=50.0% (0.500)
[2026-01-26 09:52:21] [INFO] 📈 价格波动 $11.16 < $32 (基准$87,586)
[2026-01-26 09:52:32] [INFO] 📊 市场概率: YES=50.0% (0.500), NO=50.0% (0.500)
[2026-01-26 09:52:32] [INFO] 📈 价格波动 $11.17 < $32 (基准$87,586)
[2026-01-26 09:52:43] [INFO] 📊 市场概率: YES=50.0% (0.500), NO=50.0% (0.500)
[2026-01-26 09:52:43] [INFO] 📈 价格波动 $8.02 < $32 (基准$87,586)
[2026-01-26 09:52:53] [INFO] 📊 市场概率: YES=50.0% (0.500), NO=50.0% (0.500)
[2026-01-26 09:52:53] [INFO] 📈 价格波动 $24.16 < $32 (基准$87,586)
[2026-01-26 09:52:58] [INFO] 🛑 停止BTC 15分钟策略
[2026-01-26 09:52:58] [INFO] 🛑 停止BTC 15分钟策略
