[2026-01-26 14:59:47] [INFO] 📋 基准价格设置: $87,937.44
[2026-01-26 14:59:47] [INFO] 🚀 启动BTC 15分钟双向策略
[2026-01-26 14:59:47] [INFO] ============================================================
[2026-01-26 14:59:47] [INFO] 📊 策略参数:
[2026-01-26 14:59:47] [INFO]    交易时段: 0:00-24:00 (北京时间)
[2026-01-26 14:59:47] [INFO]    基准价格: $87,937.44 (入参设置)
[2026-01-26 14:59:47] [INFO]    价格阈值: ±$30 (缓冲: $30)
[2026-01-26 14:59:47] [INFO]    买入窗口: 区间开始5分钟后 至 结束前1分钟
[2026-01-26 14:59:47] [INFO]    卖出窗口: 无限制 (任何时间可卖出)
[2026-01-26 14:59:47] [INFO]    交易频次: 每15分钟区间最多1次交易 (严格限制)
[2026-01-26 14:59:47] [INFO]    入场概率: 60.0% (双向检测)
[2026-01-26 14:59:47] [INFO]    止盈概率: 90.0%
[2026-01-26 14:59:47] [INFO]    止损概率: 55.00000000000001%
[2026-01-26 14:59:47] [INFO]    特殊止盈: 85.0% + 30秒横盘
[2026-01-26 14:59:47] [INFO]    交易金额: $1.0
[2026-01-26 14:59:47] [INFO]    价格监控: 每分钟显示与基准价格差额
[2026-01-26 14:59:47] [INFO] ============================================================
[2026-01-26 14:59:47] [INFO] 🚀 启动BTC价格监控
[2026-01-26 14:59:47] [INFO] 📊 [14:59] BTC: $87,937.45 | 基准: $87,937.44 | 差额: ↗️$0.01 | 阈值$30: ❌ 不满足
[2026-01-26 14:59:47] [INFO] 📅 新的15分钟区间: 14:45-15:00
[2026-01-26 14:59:47] [INFO] 📊 区间开始价格: $87,937.45
[2026-01-26 14:59:47] [INFO] 📊 基准价格: $87,937.44
[2026-01-26 14:59:47] [INFO] 🆕 新区间可交易: 14:45-15:00
[2026-01-26 14:59:47] [INFO] 📈 今日已交易区间数: 0
[2026-01-26 14:59:47] [INFO] 🎯 开始执行BTC 15分钟双向策略
[2026-01-26 14:59:47] [INFO] 市场ID: 1263608
[2026-01-26 14:59:48] [INFO] 📊 市场: Bitcoin Up or Down - January 26, 2:00AM-2:15AM ET
[2026-01-26 14:59:48] [INFO] 🎲 YES Token: 46428331476381582584292294284285447776410443652090188261006495442337848325742 (Up)
[2026-01-26 14:59:48] [INFO] 🎲 NO Token: 30901674697727196324934997304678238595968036703088201150258097709080765530924 (Down)
[2026-01-26 14:59:48] [INFO] 📊 市场概率: YES=51.0% (0.510), NO=49.0% (0.490)
[2026-01-26 14:59:48] [INFO] ⏳ 买入限制: 距离结算时间太近，禁止入场
[2026-01-26 14:59:50] [INFO] 📊 市场概率: YES=47.0% (0.470), NO=53.0% (0.530)
[2026-01-26 14:59:50] [INFO] ⏳ 买入限制: 距离结算时间太近，禁止入场
[2026-01-26 14:59:52] [INFO] 📊 市场概率: YES=47.0% (0.470), NO=53.0% (0.530)
[2026-01-26 14:59:52] [INFO] ⏳ 买入限制: 距离结算时间太近，禁止入场
[2026-01-26 14:59:53] [INFO] 📊 市场概率: YES=48.0% (0.480), NO=52.0% (0.520)
[2026-01-26 14:59:53] [INFO] ⏳ 买入限制: 距离结算时间太近，禁止入场
[2026-01-26 14:59:55] [INFO] 📊 市场概率: YES=52.0% (0.520), NO=48.0% (0.480)
[2026-01-26 14:59:55] [INFO] ⏳ 买入限制: 距离结算时间太近，禁止入场
[2026-01-26 14:59:56] [INFO] 📊 市场概率: YES=52.0% (0.520), NO=48.0% (0.480)
[2026-01-26 14:59:56] [INFO] ⏳ 买入限制: 距离结算时间太近，禁止入场
[2026-01-26 14:59:58] [INFO] 📊 市场概率: YES=52.0% (0.520), NO=48.0% (0.480)
[2026-01-26 14:59:58] [INFO] ⏳ 买入限制: 距离结算时间太近，禁止入场
[2026-01-26 14:59:59] [INFO] 📊 市场概率: YES=52.0% (0.520), NO=48.0% (0.480)
[2026-01-26 14:59:59] [INFO] ⏳ 买入限制: 距离结算时间太近，禁止入场
[2026-01-26 15:00:00] [INFO] 📊 市场概率: YES=51.0% (0.510), NO=49.0% (0.490)
[2026-01-26 15:00:00] [INFO] ⏳ 买入限制: 距离可入场时间还有 299 秒 (需等待5分钟)
[2026-01-26 15:00:01] [INFO] 📊 [15:00] BTC: $87,937.45 | 基准: $87,937.44 | 差额: ↗️$0.01 | 阈值$30: ❌ 不满足
[2026-01-26 15:00:01] [INFO] 📅 新的15分钟区间: 15:00-15:15
[2026-01-26 15:00:01] [INFO] 📊 区间开始价格: $87,937.45
[2026-01-26 15:00:01] [INFO] 📊 基准价格: $87,937.44
[2026-01-26 15:00:01] [INFO] 🆕 新区间可交易: 15:00-15:15
[2026-01-26 15:00:01] [INFO] 📈 今日已交易区间数: 0
[2026-01-26 15:00:02] [INFO] 📊 市场概率: YES=48.0% (0.480), NO=52.0% (0.520)
[2026-01-26 15:00:02] [INFO] ⏳ 买入限制: 距离可入场时间还有 298 秒 (需等待5分钟)
[2026-01-26 15:00:03] [INFO] 📊 市场概率: YES=51.0% (0.510), NO=49.0% (0.490)
[2026-01-26 15:00:03] [INFO] ⏳ 买入限制: 距离可入场时间还有 296 秒 (需等待5分钟)
[2026-01-26 15:00:05] [INFO] 📊 市场概率: YES=46.0% (0.460), NO=54.0% (0.540)
[2026-01-26 15:00:05] [INFO] ⏳ 买入限制: 距离可入场时间还有 294 秒 (需等待5分钟)
[2026-01-26 15:00:07] [INFO] 📊 市场概率: YES=46.0% (0.460), NO=54.0% (0.540)
[2026-01-26 15:00:07] [INFO] ⏳ 买入限制: 距离可入场时间还有 293 秒 (需等待5分钟)
[2026-01-26 15:00:08] [INFO] 📊 市场概率: YES=52.0% (0.520), NO=48.0% (0.480)
[2026-01-26 15:00:08] [INFO] ⏳ 买入限制: 距离可入场时间还有 291 秒 (需等待5分钟)
[2026-01-26 15:00:10] [INFO] 📊 市场概率: YES=47.0% (0.470), NO=53.0% (0.530)
[2026-01-26 15:00:10] [INFO] ⏳ 买入限制: 距离可入场时间还有 290 秒 (需等待5分钟)
[2026-01-26 15:00:11] [INFO] 📊 市场概率: YES=52.0% (0.520), NO=48.0% (0.480)
[2026-01-26 15:00:11] [INFO] ⏳ 买入限制: 距离可入场时间还有 288 秒 (需等待5分钟)
[2026-01-26 15:00:13] [INFO] 📊 市场概率: YES=45.0% (0.450), NO=55.0% (0.550)
[2026-01-26 15:00:13] [INFO] ⏳ 买入限制: 距离可入场时间还有 286 秒 (需等待5分钟)
[2026-01-26 15:00:15] [INFO] 📊 市场概率: YES=41.0% (0.410), NO=59.0% (0.590)
[2026-01-26 15:00:15] [INFO] ⏳ 买入限制: 距离可入场时间还有 285 秒 (需等待5分钟)
[2026-01-26 15:00:16] [INFO] 📊 市场概率: YES=60.0% (0.600), NO=40.0% (0.400)
[2026-01-26 15:00:16] [INFO] ⏳ 买入限制: 距离可入场时间还有 283 秒 (需等待5分钟)
[2026-01-26 15:00:18] [INFO] 📊 市场概率: YES=39.0% (0.390), NO=61.0% (0.610)
[2026-01-26 15:00:18] [INFO] ⏳ 买入限制: 距离可入场时间还有 282 秒 (需等待5分钟)
[2026-01-26 15:00:20] [INFO] 📊 市场概率: YES=60.0% (0.600), NO=40.0% (0.400)
[2026-01-26 15:00:20] [INFO] ⏳ 买入限制: 距离可入场时间还有 280 秒 (需等待5分钟)
[2026-01-26 15:00:22] [INFO] 📊 市场概率: YES=36.0% (0.360), NO=64.0% (0.640)
[2026-01-26 15:00:22] [INFO] ⏳ 买入限制: 距离可入场时间还有 277 秒 (需等待5分钟)
[2026-01-26 15:00:24] [INFO] 📊 市场概率: YES=62.0% (0.620), NO=38.0% (0.380)
[2026-01-26 15:00:24] [INFO] ⏳ 买入限制: 距离可入场时间还有 276 秒 (需等待5分钟)
[2026-01-26 15:00:25] [INFO] 📊 市场概率: YES=37.0% (0.370), NO=63.0% (0.630)
[2026-01-26 15:00:25] [INFO] ⏳ 买入限制: 距离可入场时间还有 274 秒 (需等待5分钟)
[2026-01-26 15:00:27] [INFO] 📊 市场概率: YES=36.0% (0.360), NO=64.0% (0.640)
[2026-01-26 15:00:27] [INFO] ⏳ 买入限制: 距离可入场时间还有 273 秒 (需等待5分钟)
[2026-01-26 15:00:28] [INFO] 📊 市场概率: YES=62.0% (0.620), NO=38.0% (0.380)
[2026-01-26 15:00:28] [INFO] ⏳ 买入限制: 距离可入场时间还有 271 秒 (需等待5分钟)
[2026-01-26 15:00:30] [INFO] 📊 市场概率: YES=38.0% (0.380), NO=62.0% (0.620)
[2026-01-26 15:00:30] [INFO] ⏳ 买入限制: 距离可入场时间还有 270 秒 (需等待5分钟)
[2026-01-26 15:00:31] [INFO] 📊 市场概率: YES=64.0% (0.640), NO=36.0% (0.360)
[2026-01-26 15:00:31] [INFO] ⏳ 买入限制: 距离可入场时间还有 268 秒 (需等待5分钟)
[2026-01-26 15:00:33] [INFO] 📊 市场概率: YES=64.0% (0.640), NO=36.0% (0.360)
[2026-01-26 15:00:33] [INFO] ⏳ 买入限制: 距离可入场时间还有 267 秒 (需等待5分钟)
[2026-01-26 15:00:34] [INFO] 📊 市场概率: YES=32.0% (0.320), NO=68.0% (0.680)
[2026-01-26 15:00:34] [INFO] ⏳ 买入限制: 距离可入场时间还有 265 秒 (需等待5分钟)
[2026-01-26 15:00:36] [INFO] 📊 市场概率: YES=68.0% (0.680), NO=32.0% (0.320)
[2026-01-26 15:00:36] [INFO] ⏳ 买入限制: 距离可入场时间还有 264 秒 (需等待5分钟)
[2026-01-26 15:00:47] [INFO] 📊 市场概率: YES=68.0% (0.680), NO=32.0% (0.320)
[2026-01-26 15:00:47] [INFO] ⏳ 买入限制: 距离可入场时间还有 253 秒 (需等待5分钟)
[2026-01-26 15:00:49] [INFO] 📊 市场概率: YES=32.0% (0.320), NO=68.0% (0.680)
[2026-01-26 15:00:49] [INFO] ⏳ 买入限制: 距离可入场时间还有 251 秒 (需等待5分钟)
[2026-01-26 15:00:50] [INFO] 📊 市场概率: YES=30.0% (0.300), NO=70.0% (0.700)
[2026-01-26 15:00:50] [INFO] ⏳ 买入限制: 距离可入场时间还有 249 秒 (需等待5分钟)
[2026-01-26 15:00:52] [INFO] 📊 市场概率: YES=69.0% (0.690), NO=31.0% (0.310)
[2026-01-26 15:00:52] [INFO] ⏳ 买入限制: 距离可入场时间还有 248 秒 (需等待5分钟)
[2026-01-26 15:00:53] [INFO] 📊 市场概率: YES=69.0% (0.690), NO=31.0% (0.310)
[2026-01-26 15:00:53] [INFO] ⏳ 买入限制: 距离可入场时间还有 246 秒 (需等待5分钟)
[2026-01-26 15:00:55] [INFO] 📊 市场概率: YES=31.0% (0.310), NO=69.0% (0.690)
[2026-01-26 15:00:55] [INFO] ⏳ 买入限制: 距离可入场时间还有 245 秒 (需等待5分钟)
[2026-01-26 15:00:56] [INFO] 📊 市场概率: YES=30.0% (0.300), NO=70.0% (0.700)
[2026-01-26 15:00:56] [INFO] ⏳ 买入限制: 距离可入场时间还有 243 秒 (需等待5分钟)
[2026-01-26 15:00:57] [INFO] 🛑 停止BTC 15分钟策略
[2026-01-26 15:00:57] [INFO] 🛑 停止BTC 15分钟策略
[2026-01-26 15:00:57] [INFO] 🛑 停止BTC 15分钟策略
