[2026-01-23 22:17:52] [INFO] 📋 基准价格设置: $89,345.66
[2026-01-23 22:17:53] [INFO] 🚀 启动BTC 15分钟双向策略
[2026-01-23 22:17:53] [INFO] ============================================================
[2026-01-23 22:17:53] [INFO] 📊 策略参数:
[2026-01-23 22:17:53] [INFO]    交易时段: 10:00-23:00 (北京时间)
[2026-01-23 22:17:53] [INFO]    基准价格: $89,345.66 (入参设置)
[2026-01-23 22:17:53] [INFO]    价格阈值: ±$30 (缓冲: $32)
[2026-01-23 22:17:53] [INFO]    入场概率: 75.0% (双向检测)
[2026-01-23 22:17:53] [INFO]    止盈概率: 90.0%
[2026-01-23 22:17:53] [INFO]    止损概率: 55.00000000000001%
[2026-01-23 22:17:53] [INFO]    特殊止盈: 85.0% + 30秒横盘
[2026-01-23 22:17:53] [INFO]    交易金额: $5.0
[2026-01-23 22:17:53] [INFO] ============================================================
[2026-01-23 22:17:53] [INFO] 🚀 启动BTC价格监控
[2026-01-23 22:17:53] [INFO] 📅 新的15分钟区间: 22:15-22:30
[2026-01-23 22:17:53] [INFO] 📊 区间开始价格: $89,471.99
[2026-01-23 22:17:53] [INFO] 📊 基准价格: $89,345.66
[2026-01-23 22:17:53] [INFO] 🎯 开始执行BTC 15分钟双向策略
[2026-01-23 22:17:53] [INFO] 市场ID: 1241869
[2026-01-23 22:17:53] [INFO] 📊 市场: Bitcoin Up or Down - January 23, 9:15AM-9:30AM ET
[2026-01-23 22:17:53] [INFO] 🎲 YES Token: 58802250648921502948382218820515747241493072806613378530727790251999952626385 (Up)
[2026-01-23 22:17:53] [INFO] 🎲 NO Token: 59840563537027144743321544880076439177379873692236995265577169523119586378501 (Down)
[2026-01-23 22:17:54] [ERROR] 获取双向概率失败: float() argument must be a string or a real number, not 'dict'
[2026-01-23 22:17:59] [ERROR] 获取双向概率失败: float() argument must be a string or a real number, not 'dict'
[2026-01-23 22:18:04] [ERROR] 获取双向概率失败: float() argument must be a string or a real number, not 'dict'
[2026-01-23 22:18:05] [INFO] 🛑 停止BTC 15分钟策略
[2026-01-23 22:18:05] [INFO] 🛑 停止BTC 15分钟策略
