[2026-01-26 00:40:13] [INFO] 📋 基准价格设置: $88,038.11
[2026-01-26 00:40:14] [INFO] 🚀 启动BTC 15分钟双向策略
[2026-01-26 00:40:14] [INFO] ============================================================
[2026-01-26 00:40:14] [INFO] 📊 策略参数:
[2026-01-26 00:40:14] [INFO]    交易时段: 0:00-24:00 (北京时间)
[2026-01-26 00:40:14] [INFO]    基准价格: $88,038.11 (入参设置)
[2026-01-26 00:40:14] [INFO]    价格阈值: ±$30 (缓冲: $32)
[2026-01-26 00:40:14] [INFO]    买入窗口: 区间开始5分钟后 至 结束前1分钟
[2026-01-26 00:40:14] [INFO]    卖出窗口: 无限制 (任何时间可卖出)
[2026-01-26 00:40:14] [INFO]    入场概率: 75.0% (双向检测)
[2026-01-26 00:40:14] [INFO]    止盈概率: 90.0%
[2026-01-26 00:40:14] [INFO]    止损概率: 55.00000000000001%
[2026-01-26 00:40:14] [INFO]    特殊止盈: 85.0% + 30秒横盘
[2026-01-26 00:40:14] [INFO]    交易金额: $5.0
[2026-01-26 00:40:14] [INFO]    价格监控: 每分钟显示与基准价格差额
[2026-01-26 00:40:14] [INFO] ============================================================
[2026-01-26 00:40:14] [INFO] 🚀 启动BTC价格监控
[2026-01-26 00:40:14] [INFO] 📊 [00:40] BTC: $87,955.82 | 基准: $88,038.11 | 差额: ↘️$82.29 | 阈值$32: ✅ 满足
[2026-01-26 00:40:14] [INFO] 📅 新的15分钟区间: 00:30-00:45
[2026-01-26 00:40:14] [INFO] 📊 区间开始价格: $87,955.82
[2026-01-26 00:40:14] [INFO] 📊 基准价格: $88,038.11
[2026-01-26 00:40:14] [INFO] 🎯 开始执行BTC 15分钟双向策略
[2026-01-26 00:40:14] [INFO] 市场ID: 1259101
[2026-01-26 00:40:14] [INFO] 📊 市场: Bitcoin Up or Down - January 25, 11:30AM-11:45AM ET
[2026-01-26 00:40:14] [INFO] 🎲 YES Token: 96020163677425525853833800515964164321859076544314172002154670654171121596704 (Up)
[2026-01-26 00:40:14] [INFO] 🎲 NO Token: 104135283474097922585318179930552403822955596641764727785604787063682666917532 (Down)
[2026-01-26 00:40:14] [DEBUG] 🔍 YES orderbook type: <class 'py_clob_client.clob_types.OrderBookSummary'>
[2026-01-26 00:40:14] [DEBUG] 🔍 YES bids: [OrderSummary(price='0.01', size='10970.49'), OrderSummary(price='0.02', size='5458.88')]
[2026-01-26 00:40:14] [DEBUG] 🔍 YES asks: [OrderSummary(price='0.99', size='10506.1'), OrderSummary(price='0.98', size='5225.2')]
[2026-01-26 00:40:14] [INFO] 📊 当前概率: YES=0.500, NO=0.500
[2026-01-26 00:40:14] [INFO] 🔄 等待动量确认...
[2026-01-26 00:40:20] [DEBUG] 🔍 YES orderbook type: <class 'py_clob_client.clob_types.OrderBookSummary'>
[2026-01-26 00:40:20] [DEBUG] 🔍 YES bids: [OrderSummary(price='0.01', size='10970.49'), OrderSummary(price='0.02', size='5558.88')]
[2026-01-26 00:40:20] [DEBUG] 🔍 YES asks: [OrderSummary(price='0.99', size='10511.42'), OrderSummary(price='0.98', size='5225.2')]
[2026-01-26 00:40:20] [INFO] 📊 当前概率: YES=0.500, NO=0.500
[2026-01-26 00:40:20] [INFO] 🔄 等待动量确认...
[2026-01-26 00:40:25] [DEBUG] 🔍 YES orderbook type: <class 'py_clob_client.clob_types.OrderBookSummary'>
[2026-01-26 00:40:25] [DEBUG] 🔍 YES bids: [OrderSummary(price='0.01', size='10970.49'), OrderSummary(price='0.02', size='5458.88')]
[2026-01-26 00:40:25] [DEBUG] 🔍 YES asks: [OrderSummary(price='0.99', size='10516.74'), OrderSummary(price='0.98', size='5225.2')]
[2026-01-26 00:40:26] [INFO] 📊 当前概率: YES=0.500, NO=0.500
[2026-01-26 00:40:26] [INFO] 🔄 等待动量确认...
[2026-01-26 00:40:31] [DEBUG] 🔍 YES orderbook type: <class 'py_clob_client.clob_types.OrderBookSummary'>
[2026-01-26 00:40:31] [DEBUG] 🔍 YES bids: [OrderSummary(price='0.01', size='10981.56'), OrderSummary(price='0.02', size='5708.88')]
[2026-01-26 00:40:31] [DEBUG] 🔍 YES asks: [OrderSummary(price='0.99', size='10522.06'), OrderSummary(price='0.98', size='5225.2')]
[2026-01-26 00:40:31] [INFO] 📊 当前概率: YES=0.500, NO=0.500
[2026-01-26 00:40:31] [INFO] 🔄 等待动量确认...
[2026-01-26 00:40:37] [DEBUG] 🔍 YES orderbook type: <class 'py_clob_client.clob_types.OrderBookSummary'>
[2026-01-26 00:40:37] [DEBUG] 🔍 YES bids: [OrderSummary(price='0.01', size='10987.37'), OrderSummary(price='0.02', size='5358.88')]
[2026-01-26 00:40:37] [DEBUG] 🔍 YES asks: [OrderSummary(price='0.99', size='10527.38'), OrderSummary(price='0.98', size='5125.2')]
[2026-01-26 00:40:37] [INFO] 📊 当前概率: YES=0.500, NO=0.500
[2026-01-26 00:40:37] [INFO] 🚀 入场信号: NO 概率50.0%, 方向down, 价格波动 $64.23 >= $32 (基准$88,038)
[2026-01-26 00:40:37] [ERROR] enter_position: 104135283474097922585318179930552403822955596641764727785604787063682666917532
[2026-01-26 00:40:37] [ERROR] ❌ 入场操作失败: ClobClient.create_market_order() got an unexpected keyword argument 'token_id'
[2026-01-26 00:40:40] [INFO] 🛑 停止BTC 15分钟策略
[2026-01-26 00:40:40] [INFO] 🛑 停止BTC 15分钟策略
