[2026-01-26 15:01:30] [INFO] 📋 基准价格设置: $87,937.44
[2026-01-26 15:01:30] [INFO] 🚀 启动BTC 15分钟双向策略
[2026-01-26 15:01:30] [INFO] ============================================================
[2026-01-26 15:01:30] [INFO] 📊 策略参数:
[2026-01-26 15:01:30] [INFO]    交易时段: 0:00-24:00 (北京时间)
[2026-01-26 15:01:30] [INFO]    基准价格: $87,937.44 (入参设置)
[2026-01-26 15:01:30] [INFO]    价格阈值: ±$30 (缓冲: $30)
[2026-01-26 15:01:30] [INFO]    买入窗口: 区间开始5分钟后 至 结束前1分钟
[2026-01-26 15:01:30] [INFO]    卖出窗口: 无限制 (任何时间可卖出)
[2026-01-26 15:01:30] [INFO]    交易频次: 每15分钟区间最多1次交易 (严格限制)
[2026-01-26 15:01:30] [INFO]    入场概率: 60.0% (双向检测)
[2026-01-26 15:01:30] [INFO]    止盈概率: 90.0%
[2026-01-26 15:01:30] [INFO]    止损概率: 55.00000000000001%
[2026-01-26 15:01:30] [INFO]    特殊止盈: 85.0% + 30秒横盘
[2026-01-26 15:01:30] [INFO]    交易金额: $1.0
[2026-01-26 15:01:30] [INFO]    价格监控: 每分钟显示与基准价格差额
[2026-01-26 15:01:30] [INFO] ============================================================
[2026-01-26 15:01:30] [INFO] 🚀 启动BTC价格监控
[2026-01-26 15:01:30] [INFO] 📊 [15:01] BTC: $87,887.78 | 基准: $87,937.44 | 差额: ↘️$49.66 | 阈值$30: ✅ 满足
[2026-01-26 15:01:30] [INFO] 📅 新的15分钟区间: 15:00-15:15
[2026-01-26 15:01:30] [INFO] 📊 区间开始价格: $87,887.78
[2026-01-26 15:01:30] [INFO] 📊 基准价格: $87,937.44
[2026-01-26 15:01:30] [INFO] 🆕 新区间可交易: 15:00-15:15
[2026-01-26 15:01:30] [INFO] 📈 今日已交易区间数: 0
[2026-01-26 15:01:30] [INFO] 🎯 开始执行BTC 15分钟双向策略
[2026-01-26 15:01:30] [INFO] 市场ID: 1263608
[2026-01-26 15:01:30] [INFO] 📊 市场: Bitcoin Up or Down - January 26, 2:00AM-2:15AM ET
[2026-01-26 15:01:30] [INFO] 🎲 YES Token: 46428331476381582584292294284285447776410443652090188261006495442337848325742 (Up)
[2026-01-26 15:01:30] [INFO] 🎲 NO Token: 30901674697727196324934997304678238595968036703088201150258097709080765530924 (Down)
[2026-01-26 15:01:31] [INFO] 📊 市场概率: YES=68.0% (0.680), NO=32.0% (0.320)
[2026-01-26 15:01:31] [INFO] ⏳ 买入限制: 距离可入场时间还有 209 秒 (需等待5分钟)
[2026-01-26 15:01:32] [INFO] 📊 市场概率: YES=70.0% (0.700), NO=30.0% (0.300)
[2026-01-26 15:01:32] [INFO] ⏳ 买入限制: 距离可入场时间还有 207 秒 (需等待5分钟)
[2026-01-26 15:01:34] [INFO] 📊 市场概率: YES=71.0% (0.710), NO=29.0% (0.290)
[2026-01-26 15:01:34] [INFO] ⏳ 买入限制: 距离可入场时间还有 206 秒 (需等待5分钟)
[2026-01-26 15:01:35] [INFO] 📊 市场概率: YES=26.0% (0.260), NO=74.0% (0.740)
[2026-01-26 15:01:35] [INFO] ⏳ 买入限制: 距离可入场时间还有 204 秒 (需等待5分钟)
[2026-01-26 15:01:37] [INFO] 📊 市场概率: YES=26.0% (0.260), NO=74.0% (0.740)
[2026-01-26 15:01:37] [INFO] ⏳ 买入限制: 距离可入场时间还有 203 秒 (需等待5分钟)
[2026-01-26 15:01:38] [INFO] 📊 市场概率: YES=26.0% (0.260), NO=74.0% (0.740)
[2026-01-26 15:01:38] [INFO] ⏳ 买入限制: 距离可入场时间还有 201 秒 (需等待5分钟)
[2026-01-26 15:01:40] [INFO] 📊 市场概率: YES=25.0% (0.250), NO=75.0% (0.750)
[2026-01-26 15:01:40] [INFO] ⏳ 买入限制: 距离可入场时间还有 200 秒 (需等待5分钟)
[2026-01-26 15:01:41] [INFO] 📊 市场概率: YES=25.0% (0.250), NO=75.0% (0.750)
[2026-01-26 15:01:41] [INFO] ⏳ 买入限制: 距离可入场时间还有 198 秒 (需等待5分钟)
[2026-01-26 15:01:43] [INFO] 📊 市场概率: YES=23.0% (0.230), NO=77.0% (0.770)
[2026-01-26 15:01:43] [INFO] ⏳ 买入限制: 距离可入场时间还有 197 秒 (需等待5分钟)
[2026-01-26 15:01:43] [INFO] 🛑 停止BTC 15分钟策略
[2026-01-26 15:01:43] [INFO] 🛑 停止BTC 15分钟策略
