[2026-01-26 01:37:12] [INFO] 📋 基准价格设置: $87,912.10
[2026-01-26 01:37:12] [INFO] 🚀 启动BTC 15分钟双向策略
[2026-01-26 01:37:12] [INFO] ============================================================
[2026-01-26 01:37:12] [INFO] 📊 策略参数:
[2026-01-26 01:37:12] [INFO]    交易时段: 0:00-24:00 (北京时间)
[2026-01-26 01:37:12] [INFO]    基准价格: $87,912.10 (入参设置)
[2026-01-26 01:37:12] [INFO]    价格阈值: ±$30 (缓冲: $32)
[2026-01-26 01:37:12] [INFO]    买入窗口: 区间开始5分钟后 至 结束前1分钟
[2026-01-26 01:37:12] [INFO]    卖出窗口: 无限制 (任何时间可卖出)
[2026-01-26 01:37:12] [INFO]    入场概率: 75.0% (双向检测)
[2026-01-26 01:37:12] [INFO]    止盈概率: 90.0%
[2026-01-26 01:37:12] [INFO]    止损概率: 55.00000000000001%
[2026-01-26 01:37:12] [INFO]    特殊止盈: 85.0% + 30秒横盘
[2026-01-26 01:37:12] [INFO]    交易金额: $5.0
[2026-01-26 01:37:12] [INFO]    价格监控: 每分钟显示与基准价格差额
[2026-01-26 01:37:12] [INFO] ============================================================
[2026-01-26 01:37:12] [INFO] 🚀 启动BTC价格监控
[2026-01-26 01:37:12] [INFO] 📊 [01:37] BTC: $87,912.11 | 基准: $87,912.10 | 差额: ↗️$0.01 | 阈值$32: ❌ 不满足
[2026-01-26 01:37:12] [INFO] 📅 新的15分钟区间: 01:30-01:45
[2026-01-26 01:37:12] [INFO] 📊 区间开始价格: $87,912.11
[2026-01-26 01:37:12] [INFO] 📊 基准价格: $87,912.10
[2026-01-26 01:37:12] [INFO] 🎯 开始执行BTC 15分钟双向策略
[2026-01-26 01:37:12] [INFO] 市场ID: 1259505
[2026-01-26 01:37:12] [INFO] 📊 市场: Bitcoin Up or Down - January 25, 12:30PM-12:45PM ET
[2026-01-26 01:37:12] [INFO] 🎲 YES Token: 90709795165127079186905942275027667689148878427020998791617562199990280400615 (Up)
[2026-01-26 01:37:12] [INFO] 🎲 NO Token: 66842793293474353022909811130906781367268009718797790816476661990475156831071 (Down)
[2026-01-26 01:37:13] [INFO] 📊 市场概率: YES=50.0% (0.500), NO=50.0% (0.500)
[2026-01-26 01:37:13] [INFO] 📈 价格波动 $0.01 < $32 (基准$87,912)
[2026-01-26 01:37:23] [INFO] 📊 市场概率: YES=50.0% (0.500), NO=50.0% (0.500)
[2026-01-26 01:37:23] [INFO] 📈 价格波动 $0.01 < $32 (基准$87,912)
[2026-01-26 01:37:34] [INFO] 📊 市场概率: YES=50.0% (0.500), NO=50.0% (0.500)
[2026-01-26 01:37:34] [INFO] 📈 价格波动 $7.25 < $32 (基准$87,912)
[2026-01-26 01:37:45] [INFO] 📊 市场概率: YES=50.0% (0.500), NO=50.0% (0.500)
[2026-01-26 01:37:45] [INFO] 📈 价格波动 $31.68 < $32 (基准$87,912)
[2026-01-26 01:37:55] [INFO] 📊 市场概率: YES=50.0% (0.500), NO=50.0% (0.500)
[2026-01-26 01:37:55] [INFO] 📈 价格波动 $31.68 < $32 (基准$87,912)
[2026-01-26 01:38:00] [INFO] 📊 [01:38] BTC: $87,880.41 | 基准: $87,912.10 | 差额: ↘️$31.69 | 阈值$32: ❌ 不满足
[2026-01-26 01:38:06] [INFO] 📊 市场概率: YES=50.0% (0.500), NO=50.0% (0.500)
[2026-01-26 01:38:06] [INFO] 🚀 入场信号: NO 概率50.0%, 方向down, 价格波动 $34.81 >= $32 (基准$87,912)
[2026-01-26 01:38:06] [ERROR] ❌ 入场操作失败: name 'clob_client' is not defined
[2026-01-26 01:38:09] [INFO] 🛑 停止BTC 15分钟策略
[2026-01-26 01:38:09] [INFO] 🛑 停止BTC 15分钟策略
