[2026-01-23 21:59:01] [INFO] 🚀 启动BTC 15分钟双向策略
[2026-01-23 21:59:01] [INFO] ============================================================
[2026-01-23 21:59:01] [INFO] 📊 策略参数:
[2026-01-23 21:59:01] [INFO]    交易时段: 10:00-19:00 (北京时间)
[2026-01-23 21:59:01] [INFO]    价格阈值: ±$30 (缓冲: $32)
[2026-01-23 21:59:01] [INFO]    入场概率: 75.0% (双向检测)
[2026-01-23 21:59:01] [INFO]    止盈概率: 90.0%
[2026-01-23 21:59:01] [INFO]    止损概率: 55.00000000000001%
[2026-01-23 21:59:01] [INFO]    特殊止盈: 85.0% + 30秒横盘
[2026-01-23 21:59:01] [INFO]    交易金额: $5.0
[2026-01-23 21:59:01] [INFO] ============================================================
[2026-01-23 21:59:01] [INFO] 🚀 启动BTC价格监控
[2026-01-23 21:59:01] [INFO] 📅 新的15分钟区间: 21:45-22:00
[2026-01-23 21:59:01] [INFO] 📊 区间基准价格: $89,336.31
[2026-01-23 21:59:01] [INFO] 🎯 开始执行BTC 15分钟双向策略
[2026-01-23 21:59:01] [INFO] 市场ID: 1241750
[2026-01-23 21:59:01] [INFO] 📊 市场: Bitcoin Up or Down - January 23, 9:00AM-9:15AM ET
[2026-01-23 21:59:01] [INFO] 🎲 YES Token: 42893976333091599145815065069535815999705419821238037150454023195647549737008 (Up)
[2026-01-23 21:59:01] [INFO] 🎲 NO Token: 9635399047413456904860064693366517840130210348500196913428123855335083202902 (Down)
[2026-01-23 21:59:01] [INFO] ⏰ 不在交易时段，等待...
[2026-01-23 21:59:21] [INFO] 🛑 停止BTC 15分钟策略
[2026-01-23 21:59:21] [INFO] 🛑 停止BTC 15分钟策略
