[2026-01-26 00:30:02] [INFO] 📋 基准价格设置: $88,038.11
[2026-01-26 00:30:03] [INFO] 🚀 启动BTC 15分钟双向策略
[2026-01-26 00:30:03] [INFO] ============================================================
[2026-01-26 00:30:03] [INFO] 📊 策略参数:
[2026-01-26 00:30:03] [INFO]    交易时段: 10:00-24:00 (北京时间)
[2026-01-26 00:30:03] [INFO]    基准价格: $88,038.11 (入参设置)
[2026-01-26 00:30:03] [INFO]    价格阈值: ±$30 (缓冲: $32)
[2026-01-26 00:30:03] [INFO]    买入窗口: 区间开始5分钟后 至 结束前1分钟
[2026-01-26 00:30:03] [INFO]    卖出窗口: 无限制 (任何时间可卖出)
[2026-01-26 00:30:03] [INFO]    入场概率: 75.0% (双向检测)
[2026-01-26 00:30:03] [INFO]    止盈概率: 90.0%
[2026-01-26 00:30:03] [INFO]    止损概率: 55.00000000000001%
[2026-01-26 00:30:03] [INFO]    特殊止盈: 85.0% + 30秒横盘
[2026-01-26 00:30:03] [INFO]    交易金额: $5.0
[2026-01-26 00:30:03] [INFO]    价格监控: 每分钟显示与基准价格差额
[2026-01-26 00:30:03] [INFO] ============================================================
[2026-01-26 00:30:03] [INFO] 🚀 启动BTC价格监控
[2026-01-26 00:30:03] [INFO] 📊 [00:30] BTC: $88,038.12 | 基准: $88,038.11 | 差额: ↗️$0.01 | 阈值$32: ❌ 不满足
[2026-01-26 00:30:03] [INFO] 📅 新的15分钟区间: 00:30-00:45
[2026-01-26 00:30:03] [INFO] 📊 区间开始价格: $88,038.12
[2026-01-26 00:30:03] [INFO] 📊 基准价格: $88,038.11
[2026-01-26 00:30:03] [INFO] 🎯 开始执行BTC 15分钟双向策略
[2026-01-26 00:30:03] [INFO] 市场ID: 1259101
[2026-01-26 00:30:03] [INFO] 📊 市场: Bitcoin Up or Down - January 25, 11:30AM-11:45AM ET
[2026-01-26 00:30:03] [INFO] 🎲 YES Token: 96020163677425525853833800515964164321859076544314172002154670654171121596704 (Up)
[2026-01-26 00:30:03] [INFO] 🎲 NO Token: 104135283474097922585318179930552403822955596641764727785604787063682666917532 (Down)
[2026-01-26 00:30:03] [INFO] ⏰ 不在交易时段，等待...
[2026-01-26 00:31:00] [INFO] 📊 [00:31] BTC: $88,146.74 | 基准: $88,038.11 | 差额: ↗️$108.63 | 阈值$32: ✅ 满足
[2026-01-26 00:31:03] [INFO] ⏰ 不在交易时段，等待...
[2026-01-26 00:32:00] [INFO] 📊 [00:32] BTC: $87,995.61 | 基准: $88,038.11 | 差额: ↘️$42.50 | 阈值$32: ✅ 满足
[2026-01-26 00:32:03] [INFO] ⏰ 不在交易时段，等待...
[2026-01-26 00:33:00] [INFO] 📊 [00:33] BTC: $87,900.00 | 基准: $88,038.11 | 差额: ↘️$138.11 | 阈值$32: ✅ 满足
[2026-01-26 00:33:03] [INFO] ⏰ 不在交易时段，等待...
[2026-01-26 00:34:00] [INFO] 📊 [00:34] BTC: $87,804.01 | 基准: $88,038.11 | 差额: ↘️$234.10 | 阈值$32: ✅ 满足
[2026-01-26 00:34:03] [INFO] ⏰ 不在交易时段，等待...
[2026-01-26 00:35:00] [INFO] 📊 [00:35] BTC: $87,823.95 | 基准: $88,038.11 | 差额: ↘️$214.16 | 阈值$32: ✅ 满足
[2026-01-26 00:35:03] [INFO] ⏰ 不在交易时段，等待...
[2026-01-26 00:36:00] [INFO] 📊 [00:36] BTC: $87,900.85 | 基准: $88,038.11 | 差额: ↘️$137.26 | 阈值$32: ✅ 满足
[2026-01-26 00:36:03] [INFO] ⏰ 不在交易时段，等待...
[2026-01-26 00:37:00] [INFO] 📊 [00:37] BTC: $87,972.14 | 基准: $88,038.11 | 差额: ↘️$65.97 | 阈值$32: ✅ 满足
[2026-01-26 00:37:03] [INFO] ⏰ 不在交易时段，等待...
[2026-01-26 00:37:11] [INFO] 🛑 停止BTC 15分钟策略
[2026-01-26 00:37:11] [INFO] 🛑 停止BTC 15分钟策略
[2026-01-26 00:37:12] [INFO] 🛑 停止BTC 15分钟策略
