[2026-01-26 14:29:05] [INFO] 🤖 BTC自动交易器初始化完成
[2026-01-26 14:29:05] [INFO] 💰 交易金额: $1.0
[2026-01-26 14:29:05] [INFO] 🚀 BTC自动交易器启动
[2026-01-26 14:29:05] [INFO] ⏰ 等待下一个15分钟整点，还需 0分55秒
[2026-01-26 14:30:00] [INFO] 🔄 开始新的交易周期
[2026-01-26 14:30:00] [INFO] 📊 获取BTC价格: $87,929.35
[2026-01-26 14:30:00] [INFO] 🔍 查找可用市场...
[2026-01-26 14:30:01] [INFO] 📋 找到 1 个可用市场
[2026-01-26 14:30:01] [INFO] ✅ 有效市场: Bitcoin Up or Down - January 26, 1:30AM-1:45AM ET...
[2026-01-26 14:30:01] [INFO] ✅ 验证通过的市场: 1 个
[2026-01-26 14:30:01] [INFO] 🎯 选择市场: Bitcoin Up or Down - January 26, 1:30AM-1:45AM ET
[2026-01-26 14:30:01] [INFO] 🚀 启动交易策略
[2026-01-26 14:30:01] [INFO]    市场ID: 1263460
[2026-01-26 14:30:01] [INFO]    BTC价格: $87,929.35
[2026-01-26 14:30:01] [INFO]    交易金额: $1.0
[2026-01-26 14:30:01] [INFO] 📝 执行命令: /Library/Frameworks/Python.framework/Versions/3.14/bin/python3 btc_15min_strategy.py 1263460 1.0 87929.35
[2026-01-26 14:30:01] [INFO] ✅ 策略进程已启动 (PID: 44904)
[2026-01-26 14:30:01] [INFO] ✅ 交易周期启动成功
[2026-01-26 14:30:12] [INFO] 🛑 停止BTC自动交易器
[2026-01-26 14:30:12] [INFO] ⚠️ 停止策略进程
[2026-01-26 14:30:12] [INFO] 🛑 停止BTC自动交易器
[2026-01-26 14:30:12] [INFO] 🛑 停止BTC自动交易器
