[2026-01-26 11:15:02] [INFO] 🤖 BTC自动交易器初始化完成
[2026-01-26 11:15:02] [INFO] 💰 交易金额: $5.0
[2026-01-26 11:15:02] [INFO] 🚀 BTC自动交易器启动
[2026-01-26 11:15:02] [INFO] 🔄 开始新的交易周期
[2026-01-26 11:15:03] [INFO] 📊 获取BTC价格: $87,566.60
[2026-01-26 11:15:03] [INFO] 🔍 查找可用市场...
[2026-01-26 11:15:03] [INFO] 📋 找到 1 个可用市场
[2026-01-26 11:15:03] [INFO] ✅ 有效市场: Bitcoin Up or Down - January 25, 10:15PM-10:30PM E...
[2026-01-26 11:15:03] [INFO] ✅ 验证通过的市场: 1 个
[2026-01-26 11:15:03] [INFO] 🎯 选择市场: Bitcoin Up or Down - January 25, 10:15PM-10:30PM ET
[2026-01-26 11:15:03] [INFO] 🚀 启动交易策略
[2026-01-26 11:15:03] [INFO]    市场ID: 1262397
[2026-01-26 11:15:03] [INFO]    BTC价格: $87,566.60
[2026-01-26 11:15:03] [INFO]    交易金额: $5.0
[2026-01-26 11:15:03] [INFO] 📝 执行命令: /Library/Frameworks/Python.framework/Versions/3.14/bin/python3 btc_15min_strategy.py 1262397 5.0 87566.6
[2026-01-26 11:15:03] [INFO] ✅ 策略进程已启动 (PID: 35405)
[2026-01-26 11:15:03] [INFO] ✅ 交易周期启动成功
[2026-01-26 11:15:07] [INFO] 🛑 停止BTC自动交易器
[2026-01-26 11:15:07] [INFO] ⚠️ 停止策略进程
[2026-01-26 11:15:07] [INFO] 🛑 停止BTC自动交易器
[2026-01-26 11:15:07] [INFO] 🛑 停止BTC自动交易器
