[2026-01-25 16:40:33] [INFO] 🤖 BTC自动交易器初始化完成
[2026-01-25 16:40:33] [INFO] 💰 交易金额: $5.0
[2026-01-25 16:40:33] [INFO] 🚀 BTC自动交易器启动
[2026-01-25 16:40:33] [INFO] ⏰ 等待下一个15分钟整点，还需 5分27秒
[2026-01-25 16:41:33] [INFO] ⏰ 等待下一个15分钟整点，还需 4分27秒
[2026-01-25 16:42:33] [INFO] ⏰ 等待下一个15分钟整点，还需 3分27秒
[2026-01-25 16:43:33] [INFO] ⏰ 等待下一个15分钟整点，还需 2分27秒
[2026-01-25 16:44:33] [INFO] 🔄 开始新的交易周期
[2026-01-25 16:44:33] [INFO] 📊 获取BTC价格: $88,327.99
[2026-01-25 16:44:33] [INFO] 🔍 查找可用市场...
[2026-01-25 16:44:34] [ERROR] ❌ JSON解析失败: Expecting value: line 1 column 2 (char 1)
[2026-01-25 16:44:34] [INFO] 原始输出: [*] 正在扫描BTC 15分钟市场...
[*] 目标时间戳: 1769330700
[*] 北京时间: 2026-01-25 16:45:00 CST+0800
[*] 美东时间: 2026-01-25 03:45:00 -0500
[*] 请求URL: https://gamma-api.polymarket.com/markets/slug/btc-updown-15m-1769330700
[*] 响应状态码: 200
[*] 响应数据类型: <class 'dict'>
[*] 响应是单个市场对象
[*] 找到 1 个市场
[*] 处理市场: Bitcoin Up or Down - January 25, 3:45AM-4:00AM ET
[*] Token IDs: ['46202194933996787834483658584264347231715282537847688464190451799004369945041', '10093126272815657292857679669500636732854552214639711524810638471884422...
[2026-01-25 16:44:34] [ERROR] ❌ 没有找到可用市场，跳过本次交易
[2026-01-25 16:45:34] [INFO] 🔄 开始新的交易周期
[2026-01-25 16:45:34] [INFO] 📊 获取BTC价格: $88,259.99
[2026-01-25 16:45:34] [INFO] 🔍 查找可用市场...
[2026-01-25 16:45:35] [ERROR] ❌ JSON解析失败: Expecting value: line 1 column 2 (char 1)
[2026-01-25 16:45:35] [INFO] 原始输出: [*] 正在扫描BTC 15分钟市场...
[*] 目标时间戳: 1769330700
[*] 北京时间: 2026-01-25 16:45:00 CST+0800
[*] 美东时间: 2026-01-25 03:45:00 -0500
[*] 请求URL: https://gamma-api.polymarket.com/markets/slug/btc-updown-15m-1769330700
[*] 响应状态码: 200
[*] 响应数据类型: <class 'dict'>
[*] 响应是单个市场对象
[*] 找到 1 个市场
[*] 处理市场: Bitcoin Up or Down - January 25, 3:45AM-4:00AM ET
[*] Token IDs: ['46202194933996787834483658584264347231715282537847688464190451799004369945041', '10093126272815657292857679669500636732854552214639711524810638471884422...
[2026-01-25 16:45:35] [ERROR] ❌ 没有找到可用市场，跳过本次交易
[2026-01-25 16:46:35] [INFO] ⏰ 等待下一个15分钟整点，还需 14分25秒
[2026-01-25 16:47:35] [INFO] ⏰ 等待下一个15分钟整点，还需 13分25秒
[2026-01-25 16:48:35] [INFO] ⏰ 等待下一个15分钟整点，还需 12分25秒
[2026-01-25 16:49:35] [INFO] ⏰ 等待下一个15分钟整点，还需 11分25秒
[2026-01-25 16:50:35] [INFO] ⏰ 等待下一个15分钟整点，还需 10分25秒
[2026-01-25 16:51:35] [INFO] ⏰ 等待下一个15分钟整点，还需 9分25秒
[2026-01-25 16:53:51] [INFO] ⏰ 等待下一个15分钟整点，还需 7分9秒
[2026-01-25 16:55:20] [INFO] ⏰ 等待下一个15分钟整点，还需 5分40秒
[2026-01-25 16:57:02] [INFO] ⏰ 等待下一个15分钟整点，还需 3分58秒
[2026-01-25 17:31:51] [INFO] ⏰ 等待下一个15分钟整点，还需 14分9秒
[2026-01-25 19:11:40] [INFO] ⏰ 等待下一个15分钟整点，还需 4分20秒
[2026-01-25 19:34:06] [INFO] 🛑 停止BTC自动交易器
[2026-01-25 19:34:06] [INFO] 🛑 停止BTC自动交易器
[2026-01-25 19:34:06] [INFO] 🛑 停止BTC自动交易器
