[2026-01-26 13:58:24] [INFO] 🤖 BTC自动交易器初始化完成
[2026-01-26 13:58:24] [INFO] 💰 交易金额: $1.0
[2026-01-26 13:58:24] [INFO] 🚀 BTC自动交易器启动
[2026-01-26 13:58:24] [INFO] ⏰ 等待下一个15分钟整点，还需 1分36秒
[2026-01-26 13:59:24] [INFO] ⏰ 等待下一个15分钟整点，还需 0分36秒
[2026-01-26 14:00:00] [INFO] 🔄 开始新的交易周期
[2026-01-26 14:00:00] [INFO] 📊 获取BTC价格: $87,826.01
[2026-01-26 14:00:00] [INFO] 🔍 查找可用市场...
[2026-01-26 14:00:01] [INFO] 📋 找到 1 个可用市场
[2026-01-26 14:00:01] [INFO] ✅ 有效市场: Bitcoin Up or Down - January 26, 1:00AM-1:15AM ET...
[2026-01-26 14:00:01] [INFO] ✅ 验证通过的市场: 1 个
[2026-01-26 14:00:01] [INFO] 🎯 选择市场: Bitcoin Up or Down - January 26, 1:00AM-1:15AM ET
[2026-01-26 14:00:01] [INFO] 🚀 启动交易策略
[2026-01-26 14:00:01] [INFO]    市场ID: 1263297
[2026-01-26 14:00:01] [INFO]    BTC价格: $87,826.01
[2026-01-26 14:00:01] [INFO]    交易金额: $1.0
[2026-01-26 14:00:01] [INFO] 📝 执行命令: /Library/Frameworks/Python.framework/Versions/3.14/bin/python3 btc_15min_strategy.py 1263297 1.0 87826.01
[2026-01-26 14:00:01] [INFO] ✅ 策略进程已启动 (PID: 42576)
[2026-01-26 14:00:01] [INFO] ✅ 交易周期启动成功
[2026-01-26 14:01:01] [INFO] ⏰ 等待下一个15分钟整点，还需 13分59秒
[2026-01-26 14:02:01] [INFO] ⏰ 等待下一个15分钟整点，还需 12分59秒
[2026-01-26 14:03:01] [INFO] ⏰ 等待下一个15分钟整点，还需 11分59秒
[2026-01-26 14:04:01] [INFO] ⏰ 等待下一个15分钟整点，还需 10分59秒
[2026-01-26 14:05:01] [INFO] ⏰ 等待下一个15分钟整点，还需 9分59秒
[2026-01-26 14:06:01] [INFO] ⏰ 等待下一个15分钟整点，还需 8分59秒
[2026-01-26 14:06:49] [INFO] 🛑 停止BTC自动交易器
[2026-01-26 14:06:49] [INFO] ⚠️ 停止策略进程
[2026-01-26 14:06:49] [INFO] 🛑 停止BTC自动交易器
[2026-01-26 14:06:49] [INFO] 🛑 停止BTC自动交易器
