[2026-01-25 23:26:35] [INFO] 🤖 BTC自动交易器初始化完成
[2026-01-25 23:26:35] [INFO] 💰 交易金额: $5.0
[2026-01-25 23:26:35] [INFO] 🚀 BTC自动交易器启动
[2026-01-25 23:26:35] [INFO] ⏰ 等待下一个15分钟整点，还需 4分25秒
[2026-01-25 23:27:35] [INFO] ⏰ 等待下一个15分钟整点，还需 3分25秒
[2026-01-25 23:28:35] [INFO] ⏰ 等待下一个15分钟整点，还需 2分25秒
[2026-01-25 23:29:35] [INFO] 🔄 开始新的交易周期
[2026-01-25 23:29:35] [INFO] 📊 获取BTC价格: $88,742.64
[2026-01-25 23:29:35] [INFO] 🔍 查找可用市场...
[2026-01-25 23:29:35] [INFO] 📋 找到 1 个可用市场
[2026-01-25 23:29:35] [INFO] ✅ 有效市场: Bitcoin Up or Down - January 25, 10:30AM-10:45AM E...
[2026-01-25 23:29:35] [INFO] ✅ 验证通过的市场: 1 个
[2026-01-25 23:29:35] [INFO] 🎯 选择市场: Bitcoin Up or Down - January 25, 10:30AM-10:45AM ET
[2026-01-25 23:29:35] [INFO] 🚀 启动交易策略
[2026-01-25 23:29:35] [INFO]    市场ID: 1258820
[2026-01-25 23:29:35] [INFO]    BTC价格: $88,742.64
[2026-01-25 23:29:35] [INFO]    交易金额: $5.0
[2026-01-25 23:29:35] [INFO] 📝 执行命令: /Library/Frameworks/Python.framework/Versions/3.14/bin/python3 btc_15min_strategy.py 1258820 5.0 88742.64
[2026-01-25 23:29:35] [INFO] ✅ 策略进程已启动 (PID: 19081)
[2026-01-25 23:29:35] [INFO] ✅ 交易周期启动成功
[2026-01-25 23:30:35] [INFO] 📊 策略正在运行中...
[2026-01-25 23:30:35] [INFO] ⏸️ 策略仍在运行中，跳过本次周期
[2026-01-25 23:31:35] [INFO] ⏰ 等待下一个15分钟整点，还需 14分25秒
[2026-01-25 23:32:35] [INFO] ⏰ 等待下一个15分钟整点，还需 13分25秒
[2026-01-25 23:33:35] [INFO] ⏰ 等待下一个15分钟整点，还需 12分25秒
[2026-01-25 23:34:35] [INFO] ⏰ 等待下一个15分钟整点，还需 11分25秒
[2026-01-25 23:35:35] [INFO] ⏰ 等待下一个15分钟整点，还需 10分25秒
[2026-01-25 23:40:08] [INFO] ⏰ 等待下一个15分钟整点，还需 5分52秒
[2026-01-25 23:41:21] [INFO] 🛑 停止BTC自动交易器
[2026-01-25 23:41:21] [INFO] ⚠️ 停止策略进程
[2026-01-25 23:41:31] [INFO] ⚠️ 强制终止策略进程
[2026-01-25 23:41:31] [INFO] 🛑 停止BTC自动交易器
[2026-01-25 23:41:31] [INFO] ⚠️ 停止策略进程
[2026-01-25 23:41:31] [INFO] 🛑 停止BTC自动交易器
