[2026-01-26 14:56:44] [INFO] 🤖 BTC自动交易器初始化完成
[2026-01-26 14:56:44] [INFO] 💰 交易金额: $1.0
[2026-01-26 14:56:44] [INFO] 🚀 BTC自动交易器启动
[2026-01-26 14:56:44] [INFO] ⏰ 等待下一个15分钟整点，还需 3分16秒
[2026-01-26 14:57:44] [INFO] ⏰ 等待下一个15分钟整点，还需 2分16秒
[2026-01-26 14:58:44] [INFO] ⏰ 等待下一个15分钟整点，还需 1分16秒
[2026-01-26 14:59:44] [INFO] 🔄 开始新的交易周期
[2026-01-26 14:59:44] [INFO] 📊 获取BTC价格: $87,937.44
[2026-01-26 14:59:44] [INFO] 🔍 查找可用市场...
[2026-01-26 14:59:45] [INFO] 📋 找到 1 个可用市场
[2026-01-26 14:59:45] [INFO] ✅ 有效市场: Bitcoin Up or Down - January 26, 2:00AM-2:15AM ET...
[2026-01-26 14:59:45] [INFO] ✅ 验证通过的市场: 1 个
[2026-01-26 14:59:45] [INFO] 🎯 选择市场: Bitcoin Up or Down - January 26, 2:00AM-2:15AM ET
[2026-01-26 14:59:45] [INFO] 🚀 启动交易策略
[2026-01-26 14:59:45] [INFO]    市场ID: 1263608
[2026-01-26 14:59:45] [INFO]    BTC价格: $87,937.44
[2026-01-26 14:59:45] [INFO]    交易金额: $1.0
[2026-01-26 14:59:45] [INFO] 📝 执行命令: /Library/Frameworks/Python.framework/Versions/3.14/bin/python3 btc_15min_strategy.py 1263608 1.0 87937.44
[2026-01-26 14:59:45] [INFO] ✅ 策略进程已启动 (PID: 46684)
[2026-01-26 14:59:45] [INFO] ✅ 交易周期启动成功
[2026-01-26 15:00:53] [INFO] 📊 策略正在运行中... (运行时间: 0:01:08.381730)
[2026-01-26 15:00:53] [INFO] 💾 内存使用: 47.8 MB
[2026-01-26 15:00:53] [INFO] ⏸️ 策略仍在运行中，跳过本次周期
[2026-01-26 15:00:57] [INFO] 🛑 停止BTC自动交易器
[2026-01-26 15:00:57] [INFO] ⚠️ 停止策略进程
[2026-01-26 15:00:57] [INFO] 🛑 停止BTC自动交易器
[2026-01-26 15:00:57] [INFO] 🛑 停止BTC自动交易器
