[2026-01-26 13:25:14] [INFO] 🤖 BTC自动交易器初始化完成
[2026-01-26 13:25:14] [INFO] 💰 交易金额: $1.0
[2026-01-26 13:25:14] [INFO] 🚀 BTC自动交易器启动
[2026-01-26 13:25:14] [INFO] ⏰ 等待下一个15分钟整点，还需 4分46秒
[2026-01-26 13:26:14] [INFO] ⏰ 等待下一个15分钟整点，还需 3分46秒
[2026-01-26 13:27:14] [INFO] ⏰ 等待下一个15分钟整点，还需 2分46秒
[2026-01-26 13:28:14] [INFO] ⏰ 等待下一个15分钟整点，还需 1分46秒
[2026-01-26 13:29:14] [INFO] ⏰ 等待下一个15分钟整点，还需 0分46秒
[2026-01-26 13:30:00] [INFO] 🔄 开始新的交易周期
[2026-01-26 13:30:01] [INFO] 📊 获取BTC价格: $87,865.00
[2026-01-26 13:30:01] [INFO] 🔍 查找可用市场...
[2026-01-26 13:30:01] [INFO] 📋 找到 1 个可用市场
[2026-01-26 13:30:01] [INFO] ✅ 有效市场: Bitcoin Up or Down - January 26, 12:30AM-12:45AM E...
[2026-01-26 13:30:01] [INFO] ✅ 验证通过的市场: 1 个
[2026-01-26 13:30:01] [INFO] 🎯 选择市场: Bitcoin Up or Down - January 26, 12:30AM-12:45AM ET
[2026-01-26 13:30:01] [INFO] 🚀 启动交易策略
[2026-01-26 13:30:01] [INFO]    市场ID: 1263088
[2026-01-26 13:30:01] [INFO]    BTC价格: $87,865.00
[2026-01-26 13:30:01] [INFO]    交易金额: $1.0
[2026-01-26 13:30:01] [INFO] 📝 执行命令: /Library/Frameworks/Python.framework/Versions/3.14/bin/python3 btc_15min_strategy.py 1263088 1.0 87865.0
[2026-01-26 13:30:01] [INFO] ✅ 策略进程已启动 (PID: 40472)
[2026-01-26 13:30:01] [INFO] ✅ 交易周期启动成功
[2026-01-26 13:31:01] [INFO] ⏰ 等待下一个15分钟整点，还需 13分59秒
[2026-01-26 13:32:01] [INFO] ⏰ 等待下一个15分钟整点，还需 12分59秒
[2026-01-26 13:33:01] [INFO] ⏰ 等待下一个15分钟整点，还需 11分59秒
[2026-01-26 13:34:01] [INFO] ⏰ 等待下一个15分钟整点，还需 10分59秒
[2026-01-26 13:35:01] [INFO] ⏰ 等待下一个15分钟整点，还需 9分59秒
[2026-01-26 13:36:01] [INFO] ⏰ 等待下一个15分钟整点，还需 8分59秒
[2026-01-26 13:37:01] [INFO] 🛑 停止BTC自动交易器
[2026-01-26 13:37:01] [INFO] ⚠️ 停止策略进程
[2026-01-26 13:37:01] [INFO] 🛑 停止BTC自动交易器
[2026-01-26 13:37:01] [INFO] 🛑 停止BTC自动交易器
