[2026-01-26 14:45:03] [INFO] 🤖 BTC自动交易器初始化完成
[2026-01-26 14:45:03] [INFO] 💰 交易金额: $1.0
[2026-01-26 14:45:03] [INFO] 🚀 BTC自动交易器启动
[2026-01-26 14:45:03] [INFO] 🔄 开始新的交易周期
[2026-01-26 14:45:03] [INFO] 📊 获取BTC价格: $88,006.50
[2026-01-26 14:45:03] [INFO] 🔍 查找可用市场...
[2026-01-26 14:45:03] [INFO] 📋 找到 1 个可用市场
[2026-01-26 14:45:03] [INFO] ✅ 有效市场: Bitcoin Up or Down - January 26, 1:45AM-2:00AM ET...
[2026-01-26 14:45:03] [INFO] ✅ 验证通过的市场: 1 个
[2026-01-26 14:45:03] [INFO] 🎯 选择市场: Bitcoin Up or Down - January 26, 1:45AM-2:00AM ET
[2026-01-26 14:45:03] [INFO] 🚀 启动交易策略
[2026-01-26 14:45:03] [INFO]    市场ID: 1263478
[2026-01-26 14:45:03] [INFO]    BTC价格: $88,006.50
[2026-01-26 14:45:03] [INFO]    交易金额: $1.0
[2026-01-26 14:45:03] [INFO] 📝 执行命令: /Library/Frameworks/Python.framework/Versions/3.14/bin/python3 btc_15min_strategy.py 1263478 1.0 88006.5
[2026-01-26 14:45:03] [INFO] ✅ 策略进程已启动 (PID: 45959)
[2026-01-26 14:45:03] [INFO] ✅ 交易周期启动成功
[2026-01-26 14:46:03] [INFO] ⏰ 等待下一个15分钟整点，还需 13分57秒
[2026-01-26 14:47:03] [INFO] ⏰ 等待下一个15分钟整点，还需 12分57秒
[2026-01-26 14:48:03] [INFO] ⏰ 等待下一个15分钟整点，还需 11分57秒
[2026-01-26 14:48:17] [INFO] 🛑 停止BTC自动交易器
[2026-01-26 14:48:17] [INFO] ⚠️ 停止策略进程
[2026-01-26 14:48:17] [INFO] 🛑 停止BTC自动交易器
[2026-01-26 14:48:17] [INFO] 🛑 停止BTC自动交易器
