[2026-01-26 11:43:59] [INFO] 🤖 BTC自动交易器初始化完成
[2026-01-26 11:43:59] [INFO] 💰 交易金额: $5.0
[2026-01-26 11:43:59] [INFO] 🚀 BTC自动交易器启动
[2026-01-26 11:43:59] [INFO] ⏰ 等待下一个15分钟整点，还需 1分1秒
[2026-01-26 11:44:59] [INFO] 🔄 开始新的交易周期
[2026-01-26 11:44:59] [INFO] 📊 获取BTC价格: $87,359.12
[2026-01-26 11:44:59] [INFO] 🔍 查找可用市场...
[2026-01-26 11:45:00] [INFO] 📋 找到 1 个可用市场
[2026-01-26 11:45:00] [INFO] ✅ 有效市场: Bitcoin Up or Down - January 25, 10:45PM-11:00PM E...
[2026-01-26 11:45:00] [INFO] ✅ 验证通过的市场: 1 个
[2026-01-26 11:45:00] [INFO] 🎯 选择市场: Bitcoin Up or Down - January 25, 10:45PM-11:00PM ET
[2026-01-26 11:45:00] [INFO] 🚀 启动交易策略
[2026-01-26 11:45:00] [INFO]    市场ID: 1262439
[2026-01-26 11:45:00] [INFO]    BTC价格: $87,359.12
[2026-01-26 11:45:00] [INFO]    交易金额: $5.0
[2026-01-26 11:45:00] [INFO] 📝 执行命令: /Library/Frameworks/Python.framework/Versions/3.14/bin/python3 btc_15min_strategy.py 1262439 5.0 87359.12
[2026-01-26 11:45:00] [INFO] ✅ 策略进程已启动 (PID: 37405)
[2026-01-26 11:45:00] [INFO] ✅ 交易周期启动成功
[2026-01-26 11:46:00] [INFO] ⏰ 等待下一个15分钟整点，还需 14分0秒
[2026-01-26 11:46:19] [INFO] 🛑 停止BTC自动交易器
[2026-01-26 11:46:19] [INFO] ⚠️ 停止策略进程
[2026-01-26 11:46:19] [INFO] 🛑 停止BTC自动交易器
[2026-01-26 11:46:19] [INFO] 🛑 停止BTC自动交易器
