[2026-01-25 19:34:58] [INFO] 🤖 BTC自动交易器初始化完成
[2026-01-25 19:34:58] [INFO] 💰 交易金额: $5.0
[2026-01-25 19:34:58] [INFO] 🚀 BTC自动交易器启动
[2026-01-25 19:34:58] [INFO] ⏰ 等待下一个15分钟整点，还需 11分2秒
[2026-01-25 19:35:58] [INFO] ⏰ 等待下一个15分钟整点，还需 10分2秒
[2026-01-25 19:36:58] [INFO] ⏰ 等待下一个15分钟整点，还需 9分2秒
[2026-01-25 19:37:58] [INFO] ⏰ 等待下一个15分钟整点，还需 8分2秒
[2026-01-25 19:38:58] [INFO] ⏰ 等待下一个15分钟整点，还需 7分2秒
[2026-01-25 19:39:58] [INFO] ⏰ 等待下一个15分钟整点，还需 6分2秒
[2026-01-25 19:41:12] [INFO] ⏰ 等待下一个15分钟整点，还需 4分48秒
[2026-01-25 19:42:12] [INFO] ⏰ 等待下一个15分钟整点，还需 3分48秒
[2026-01-25 19:43:12] [INFO] ⏰ 等待下一个15分钟整点，还需 2分48秒
[2026-01-25 19:44:12] [INFO] ⏰ 等待下一个15分钟整点，还需 1分48秒
[2026-01-25 19:45:00] [INFO] 🔄 开始新的交易周期
[2026-01-25 19:45:00] [INFO] 📊 获取BTC价格: $88,609.23
[2026-01-25 19:45:00] [INFO] 🔍 查找可用市场...
[2026-01-25 19:45:01] [ERROR] ❌ JSON解析失败: Expecting value: line 1 column 2 (char 1)
[2026-01-25 19:45:01] [INFO] 原始输出: [*] 正在扫描BTC 15分钟市场...
[*] 目标时间戳: 1769341500
[*] 北京时间: 2026-01-25 19:45:00 CST+0800
[*] 美东时间: 2026-01-25 06:45:00 -0500
[*] 请求URL: https://gamma-api.polymarket.com/markets/slug/btc-updown-15m-1769341500
[*] 响应状态码: 200
[*] 响应数据类型: <class 'dict'>
[*] 响应是单个市场对象
[*] 找到 1 个市场
[*] 处理市场: Bitcoin Up or Down - January 25, 6:45AM-7:00AM ET
[*] Token IDs: ['101669167904355934698917313170786032840507951737569943568767795725276588808072', '6830384069888450843487385866993043215397828320017130272456504388384232...
[2026-01-25 19:45:01] [ERROR] ❌ 没有找到可用市场，跳过本次交易
[2026-01-25 19:58:15] [INFO] ⏰ 等待下一个15分钟整点，还需 2分45秒
[2026-01-25 21:06:06] [INFO] ⏰ 等待下一个15分钟整点，还需 9分54秒
[2026-01-25 22:47:41] [INFO] ⏰ 等待下一个15分钟整点，还需 13分19秒
[2026-01-25 23:23:42] [INFO] ⏰ 等待下一个15分钟整点，还需 7分18秒
[2026-01-25 23:24:33] [INFO] 🛑 停止BTC自动交易器
[2026-01-25 23:24:33] [INFO] 🛑 停止BTC自动交易器
[2026-01-25 23:24:33] [INFO] 🛑 停止BTC自动交易器
