[2026-01-26 01:21:23] [INFO] 🤖 BTC智能自动交易器初始化完成
[2026-01-26 01:21:23] [INFO] 💰 交易金额: $5.0
[2026-01-26 01:21:23] [INFO] ⏰ 时间阈值: 10分钟
[2026-01-26 01:21:23] [INFO] 🚀 BTC智能自动交易器启动
[2026-01-26 01:21:23] [INFO] 🔄 开始智能交易周期
[2026-01-26 01:21:24] [INFO] 📊 获取BTC价格: $87,986.87
[2026-01-26 01:21:24] [INFO] ⏰ 时间分析:
[2026-01-26 01:21:24] [INFO]    上一个15分钟整点: 01:15 (时间戳: 1769361300)
[2026-01-26 01:21:24] [INFO]    下一个15分钟整点: 01:30 (时间戳: 1769362200)
[2026-01-26 01:21:24] [INFO]    距离上一个整点: 6.4分钟
[2026-01-26 01:21:24] [INFO]    距离下一个整点: 8.6分钟
[2026-01-26 01:21:24] [INFO] 🎯 决策: 参与上一个市场 (间隔6.4分钟 <= 10分钟)
[2026-01-26 01:21:24] [INFO] 🔍 查询市场: https://gamma-api.polymarket.com/markets/slug/btc-updown-15m-1769361300
[2026-01-26 01:21:24] [INFO] ✅ 找到可用市场: Bitcoin Up or Down - January 25, 12:15PM-12:30PM ET
[2026-01-26 01:21:24] [INFO] 🎯 立即参与市场: 参与上一个市场 (间隔6.4分钟)
[2026-01-26 01:21:24] [INFO] 📊 市场: Bitcoin Up or Down - January 25, 12:15PM-12:30PM ET
[2026-01-26 01:21:24] [INFO] 🚀 启动交易策略
[2026-01-26 01:21:24] [INFO]    市场ID: 1259482
[2026-01-26 01:21:24] [INFO]    BTC价格: $87,986.87
[2026-01-26 01:21:24] [INFO]    交易金额: $5.0
[2026-01-26 01:21:24] [INFO] 📝 执行命令: /Library/Frameworks/Python.framework/Versions/3.14/bin/python3 btc_15min_strategy.py 1259482 5.0 87986.87
[2026-01-26 01:21:24] [INFO] ✅ 策略进程已启动 (PID: 26671)
[2026-01-26 01:21:24] [INFO] ✅ 智能交易周期启动成功
[2026-01-26 01:21:24] [INFO] 📊 策略正在运行中...
[2026-01-26 01:21:27] [INFO] 🛑 停止BTC智能自动交易器
[2026-01-26 01:21:27] [INFO] ⚠️ 停止策略进程
[2026-01-26 01:21:27] [INFO] 🛑 停止BTC智能自动交易器
[2026-01-26 01:21:27] [INFO] 🛑 停止BTC智能自动交易器
