[2026-01-26 11:32:10] [INFO] 🤖 BTC智能自动交易器初始化完成
[2026-01-26 11:32:10] [INFO] 💰 交易金额: $5.0
[2026-01-26 11:32:10] [INFO] ⏰ 时间阈值: 5分钟
[2026-01-26 11:32:10] [INFO] 🚀 BTC智能自动交易器启动
[2026-01-26 11:32:10] [INFO] 🔄 开始智能交易周期
[2026-01-26 11:32:10] [INFO] 📊 获取BTC价格: $87,422.88
[2026-01-26 11:32:10] [INFO] ⏰ 时间分析:
[2026-01-26 11:32:10] [INFO]    上一个15分钟整点: 11:30 (时间戳: 1769398200)
[2026-01-26 11:32:10] [INFO]    下一个15分钟整点: 11:45 (时间戳: 1769399100)
[2026-01-26 11:32:10] [INFO]    距离上一个整点: 2.2分钟
[2026-01-26 11:32:10] [INFO]    距离下一个整点: 12.8分钟
[2026-01-26 11:32:10] [INFO] 🎯 决策: 参与上一个市场 (间隔2.2分钟 <= 5分钟)
[2026-01-26 11:32:10] [INFO] 🔍 查询市场: https://gamma-api.polymarket.com/markets/slug/btc-updown-15m-1769398200
[2026-01-26 11:32:10] [INFO] ✅ 找到可用市场: Bitcoin Up or Down - January 25, 10:30PM-10:45PM ET
[2026-01-26 11:32:10] [INFO] 🎯 立即参与市场: 参与上一个市场 (间隔2.2分钟)
[2026-01-26 11:32:10] [INFO] 📊 市场: Bitcoin Up or Down - January 25, 10:30PM-10:45PM ET
[2026-01-26 11:32:10] [INFO] 🚀 启动交易策略
[2026-01-26 11:32:10] [INFO]    市场ID: 1262424
[2026-01-26 11:32:10] [INFO]    BTC价格: $87,422.88
[2026-01-26 11:32:10] [INFO]    交易金额: $5.0
[2026-01-26 11:32:10] [INFO] 📝 执行命令: /Library/Frameworks/Python.framework/Versions/3.14/bin/python3 btc_15min_strategy.py 1262424 5.0 87422.88
[2026-01-26 11:32:10] [INFO] ✅ 策略进程已启动 (PID: 36677)
[2026-01-26 11:32:10] [INFO] ✅ 智能交易周期启动成功
[2026-01-26 11:32:10] [INFO] 📊 策略正在运行中...
[2026-01-26 11:32:38] [INFO] 🛑 停止BTC智能自动交易器
[2026-01-26 11:32:38] [INFO] ⚠️ 停止策略进程
[2026-01-26 11:32:38] [INFO] 🛑 停止BTC智能自动交易器
[2026-01-26 11:32:38] [INFO] 🛑 停止BTC智能自动交易器
