[2026-01-26 09:51:11] [INFO] 🤖 BTC智能自动交易器初始化完成
[2026-01-26 09:51:11] [INFO] 💰 交易金额: $5.0
[2026-01-26 09:51:11] [INFO] ⏰ 时间阈值: 10分钟
[2026-01-26 09:51:11] [INFO] 🚀 BTC智能自动交易器启动
[2026-01-26 09:51:11] [INFO] 🔄 开始智能交易周期
[2026-01-26 09:51:11] [INFO] 📊 获取BTC价格: $87,576.39
[2026-01-26 09:51:11] [INFO] ⏰ 时间分析:
[2026-01-26 09:51:11] [INFO]    上一个15分钟整点: 09:45 (时间戳: 1769391900)
[2026-01-26 09:51:11] [INFO]    下一个15分钟整点: 10:00 (时间戳: 1769392800)
[2026-01-26 09:51:11] [INFO]    距离上一个整点: 6.2分钟
[2026-01-26 09:51:11] [INFO]    距离下一个整点: 8.8分钟
[2026-01-26 09:51:11] [INFO] 🎯 决策: 参与上一个市场 (间隔6.2分钟 <= 10分钟)
[2026-01-26 09:51:11] [INFO] 🔍 查询市场: https://gamma-api.polymarket.com/markets/slug/btc-updown-15m-1769391900
[2026-01-26 09:51:12] [INFO] ✅ 找到可用市场: Bitcoin Up or Down - January 25, 8:45PM-9:00PM ET
[2026-01-26 09:51:12] [INFO] 🎯 立即参与市场: 参与上一个市场 (间隔6.2分钟)
[2026-01-26 09:51:12] [INFO] 📊 市场: Bitcoin Up or Down - January 25, 8:45PM-9:00PM ET
[2026-01-26 09:51:12] [INFO] 🚀 启动交易策略
[2026-01-26 09:51:12] [INFO]    市场ID: 1262086
[2026-01-26 09:51:12] [INFO]    BTC价格: $87,576.39
[2026-01-26 09:51:12] [INFO]    交易金额: $5.0
[2026-01-26 09:51:12] [INFO] 📝 执行命令: /Library/Frameworks/Python.framework/Versions/3.14/bin/python3 btc_15min_strategy.py 1262086 5.0 87576.39
[2026-01-26 09:51:12] [INFO] ✅ 策略进程已启动 (PID: 29531)
[2026-01-26 09:51:12] [INFO] ✅ 智能交易周期启动成功
[2026-01-26 09:51:12] [INFO] 📊 策略正在运行中...
[2026-01-26 09:51:14] [INFO] 🛑 停止BTC智能自动交易器
[2026-01-26 09:51:14] [INFO] ⚠️ 停止策略进程
[2026-01-26 09:51:14] [INFO] 🛑 停止BTC智能自动交易器
[2026-01-26 09:51:14] [INFO] 🛑 停止BTC智能自动交易器
