[2026-01-26 15:03:28] [INFO] 🤖 BTC智能自动交易器初始化完成
[2026-01-26 15:03:28] [INFO] 💰 交易金额: $1.0
[2026-01-26 15:03:28] [INFO] ⏰ 时间阈值: 5分钟
[2026-01-26 15:03:28] [INFO] 🚀 BTC智能自动交易器启动
[2026-01-26 15:03:28] [INFO] 🔄 开始智能交易周期
[2026-01-26 15:03:29] [INFO] 📊 获取BTC价格: $87,940.60
[2026-01-26 15:03:29] [INFO] ⏰ 时间分析:
[2026-01-26 15:03:29] [INFO]    上一个15分钟整点: 15:00 (时间戳: 1769410800)
[2026-01-26 15:03:29] [INFO]    下一个15分钟整点: 15:15 (时间戳: 1769411700)
[2026-01-26 15:03:29] [INFO]    距离上一个整点: 3.5分钟
[2026-01-26 15:03:29] [INFO]    距离下一个整点: 11.5分钟
[2026-01-26 15:03:29] [INFO] 🎯 决策: 参与上一个市场 (间隔3.5分钟 <= 5分钟)
[2026-01-26 15:03:29] [INFO] 🔍 查询市场: https://gamma-api.polymarket.com/markets/slug/btc-updown-15m-1769410800
[2026-01-26 15:03:29] [INFO] ✅ 找到可用市场: Bitcoin Up or Down - January 26, 2:00AM-2:15AM ET
[2026-01-26 15:03:29] [INFO] 🎯 立即参与市场: 参与上一个市场 (间隔3.5分钟)
[2026-01-26 15:03:29] [INFO] 📊 市场: Bitcoin Up or Down - January 26, 2:00AM-2:15AM ET
[2026-01-26 15:03:29] [INFO] 🚀 启动交易策略
[2026-01-26 15:03:29] [INFO]    市场ID: 1263608
[2026-01-26 15:03:29] [INFO]    BTC价格: $87,940.60
[2026-01-26 15:03:29] [INFO]    交易金额: $1.0
[2026-01-26 15:03:29] [INFO] 📝 执行命令: /Library/Frameworks/Python.framework/Versions/3.14/bin/python3 btc_15min_strategy.py 1263608 1.0 87940.6
[2026-01-26 15:03:29] [INFO] ✅ 策略进程已启动 (PID: 47210)
[2026-01-26 15:03:29] [INFO] ✅ 智能交易周期启动成功
[2026-01-26 15:03:29] [INFO] 📊 策略正在运行中...
[2026-01-26 15:03:31] [INFO] 🛑 停止BTC智能自动交易器
[2026-01-26 15:03:31] [INFO] ⚠️ 停止策略进程
[2026-01-26 15:03:31] [INFO] 🛑 停止BTC智能自动交易器
[2026-01-26 15:03:31] [INFO] 🛑 停止BTC智能自动交易器
