[2026-01-26 10:45:22] [INFO] 🤖 BTC智能自动交易器初始化完成
[2026-01-26 10:45:22] [INFO] 💰 交易金额: $5.0
[2026-01-26 10:45:22] [INFO] ⏰ 时间阈值: 5分钟
[2026-01-26 10:45:22] [INFO] 🚀 BTC智能自动交易器启动
[2026-01-26 10:45:22] [INFO] 🔄 开始智能交易周期
[2026-01-26 10:45:22] [INFO] 📊 获取BTC价格: $87,637.70
[2026-01-26 10:45:22] [INFO] ⏰ 时间分析:
[2026-01-26 10:45:22] [INFO]    上一个15分钟整点: 10:45 (时间戳: 1769395500)
[2026-01-26 10:45:22] [INFO]    下一个15分钟整点: 11:00 (时间戳: 1769396400)
[2026-01-26 10:45:22] [INFO]    距离上一个整点: 0.4分钟
[2026-01-26 10:45:22] [INFO]    距离下一个整点: 14.6分钟
[2026-01-26 10:45:22] [INFO] 🎯 决策: 参与上一个市场 (间隔0.4分钟 <= 5分钟)
[2026-01-26 10:45:22] [INFO] 🔍 查询市场: https://gamma-api.polymarket.com/markets/slug/btc-updown-15m-1769395500
[2026-01-26 10:45:22] [INFO] ✅ 找到可用市场: Bitcoin Up or Down - January 25, 9:45PM-10:00PM ET
[2026-01-26 10:45:22] [INFO] 🎯 立即参与市场: 参与上一个市场 (间隔0.4分钟)
[2026-01-26 10:45:22] [INFO] 📊 市场: Bitcoin Up or Down - January 25, 9:45PM-10:00PM ET
[2026-01-26 10:45:22] [INFO] 🚀 启动交易策略
[2026-01-26 10:45:22] [INFO]    市场ID: 1262276
[2026-01-26 10:45:22] [INFO]    BTC价格: $87,637.70
[2026-01-26 10:45:22] [INFO]    交易金额: $5.0
[2026-01-26 10:45:22] [INFO] 📝 执行命令: /Library/Frameworks/Python.framework/Versions/3.14/bin/python3 btc_15min_strategy.py 1262276 5.0 87637.7
[2026-01-26 10:45:22] [INFO] ✅ 策略进程已启动 (PID: 32964)
[2026-01-26 10:45:22] [INFO] ✅ 智能交易周期启动成功
[2026-01-26 10:45:22] [INFO] 📊 策略正在运行中...
[2026-01-26 10:45:28] [INFO] 🛑 停止BTC智能自动交易器
[2026-01-26 10:45:28] [INFO] ⚠️ 停止策略进程
[2026-01-26 10:45:28] [INFO] 🛑 停止BTC智能自动交易器
[2026-01-26 10:45:28] [INFO] 🛑 停止BTC智能自动交易器
