[2026-01-26 00:47:38] [INFO] 🤖 BTC智能自动交易器初始化完成
[2026-01-26 00:47:38] [INFO] 💰 交易金额: $5.0
[2026-01-26 00:47:38] [INFO] ⏰ 时间阈值: 5分钟
[2026-01-26 00:47:38] [INFO] 🚀 BTC智能自动交易器启动
[2026-01-26 00:47:38] [INFO] 🔄 开始智能交易周期
[2026-01-26 00:47:39] [INFO] 📊 获取BTC价格: $87,859.80
[2026-01-26 00:47:39] [INFO] ⏰ 时间分析:
[2026-01-26 00:47:39] [INFO]    上一个15分钟整点: 00:45 (时间戳: 1769359500)
[2026-01-26 00:47:39] [INFO]    下一个15分钟整点: 01:00 (时间戳: 1769360400)
[2026-01-26 00:47:39] [INFO]    距离上一个整点: 2.7分钟
[2026-01-26 00:47:39] [INFO]    距离下一个整点: 12.3分钟
[2026-01-26 00:47:39] [INFO] 🎯 决策: 参与上一个市场 (间隔2.7分钟 <= 5分钟)
[2026-01-26 00:47:39] [INFO] 🔍 查询市场: https://gamma-api.polymarket.com/markets/slug/btc-updown-15m-1769359500
[2026-01-26 00:47:39] [INFO] ✅ 找到可用市场: Bitcoin Up or Down - January 25, 11:45AM-12:00PM ET
[2026-01-26 00:47:39] [INFO] 🎯 立即参与市场: 参与上一个市场 (间隔2.7分钟)
[2026-01-26 00:47:39] [INFO] 📊 市场: Bitcoin Up or Down - January 25, 11:45AM-12:00PM ET
[2026-01-26 00:47:39] [INFO] 🚀 启动交易策略
[2026-01-26 00:47:39] [INFO]    市场ID: 1259117
[2026-01-26 00:47:39] [INFO]    BTC价格: $87,859.80
[2026-01-26 00:47:39] [INFO]    交易金额: $5.0
[2026-01-26 00:47:39] [INFO] 📝 执行命令: /Library/Frameworks/Python.framework/Versions/3.14/bin/python3 btc_15min_strategy.py 1259117 5.0 87859.8
[2026-01-26 00:47:39] [INFO] ✅ 策略进程已启动 (PID: 23878)
[2026-01-26 00:47:39] [INFO] ✅ 智能交易周期启动成功
[2026-01-26 00:47:39] [INFO] 📊 策略正在运行中...
[2026-01-26 00:47:45] [INFO] 🛑 停止BTC智能自动交易器
[2026-01-26 00:47:45] [INFO] ⚠️ 停止策略进程
[2026-01-26 00:47:45] [INFO] 🛑 停止BTC智能自动交易器
[2026-01-26 00:47:45] [INFO] 🛑 停止BTC智能自动交易器
