[2026-01-26 12:59:05] [INFO] 🤖 BTC智能自动交易器初始化完成
[2026-01-26 12:59:05] [INFO] 💰 交易金额: $1.0
[2026-01-26 12:59:05] [INFO] ⏰ 时间阈值: 5分钟
[2026-01-26 12:59:05] [INFO] 🚀 BTC智能自动交易器启动
[2026-01-26 12:59:05] [INFO] 🔄 开始智能交易周期
[2026-01-26 12:59:05] [INFO] 📊 获取BTC价格: $87,720.73
[2026-01-26 12:59:05] [INFO] ⏰ 时间分析:
[2026-01-26 12:59:05] [INFO]    上一个15分钟整点: 12:45 (时间戳: 1769402700)
[2026-01-26 12:59:05] [INFO]    下一个15分钟整点: 13:00 (时间戳: 1769403600)
[2026-01-26 12:59:05] [INFO]    距离上一个整点: 14.1分钟
[2026-01-26 12:59:05] [INFO]    距离下一个整点: 0.9分钟
[2026-01-26 12:59:05] [INFO] ⏳ 决策: 等待下一个市场 (间隔14.1分钟 > 5分钟)
[2026-01-26 12:59:05] [INFO] ⏳ 等待下一个市场 (还需0.9分钟)
[2026-01-26 12:59:05] [INFO] ⏰ 等待下一个市场，还需 0.9分钟
[2026-01-26 12:59:35] [INFO] ⏰ 下一个市场即将开始
[2026-01-26 12:59:35] [INFO] 🔍 查询市场: https://gamma-api.polymarket.com/markets/slug/btc-updown-15m-1769403600
[2026-01-26 12:59:35] [INFO] ✅ 找到可用市场: Bitcoin Up or Down - January 26, 12:00AM-12:15AM ET
[2026-01-26 12:59:35] [INFO] 📊 获取BTC价格: $87,720.74
[2026-01-26 12:59:35] [INFO] 🎯 参与下一个市场
[2026-01-26 12:59:35] [INFO] 📊 市场: Bitcoin Up or Down - January 26, 12:00AM-12:15AM ET
[2026-01-26 12:59:35] [INFO] 🚀 启动交易策略
[2026-01-26 12:59:35] [INFO]    市场ID: 1262924
[2026-01-26 12:59:35] [INFO]    BTC价格: $87,720.74
[2026-01-26 12:59:35] [INFO]    交易金额: $1.0
[2026-01-26 12:59:35] [INFO] 📝 执行命令: /Library/Frameworks/Python.framework/Versions/3.14/bin/python3 btc_15min_strategy.py 1262924 1.0 87720.74
[2026-01-26 12:59:35] [INFO] ✅ 策略进程已启动 (PID: 39663)
[2026-01-26 12:59:35] [INFO] ✅ 智能交易周期启动成功
[2026-01-26 12:59:35] [INFO] 📊 策略正在运行中...
[2026-01-26 13:00:20] [INFO] 🛑 停止BTC智能自动交易器
[2026-01-26 13:00:20] [INFO] ⚠️ 停止策略进程
[2026-01-26 13:00:20] [INFO] 🛑 停止BTC智能自动交易器
[2026-01-26 13:00:20] [INFO] 🛑 停止BTC智能自动交易器
