[2026-01-26 01:37:05] [INFO] 🤖 BTC智能自动交易器初始化完成
[2026-01-26 01:37:05] [INFO] 💰 交易金额: $5.0
[2026-01-26 01:37:05] [INFO] ⏰ 时间阈值: 10分钟
[2026-01-26 01:37:05] [INFO] 🚀 BTC智能自动交易器启动
[2026-01-26 01:37:05] [INFO] 🔄 开始智能交易周期
[2026-01-26 01:37:06] [INFO] 📊 获取BTC价格: $87,912.10
[2026-01-26 01:37:06] [INFO] ⏰ 时间分析:
[2026-01-26 01:37:06] [INFO]    上一个15分钟整点: 01:30 (时间戳: 1769362200)
[2026-01-26 01:37:06] [INFO]    下一个15分钟整点: 01:45 (时间戳: 1769363100)
[2026-01-26 01:37:06] [INFO]    距离上一个整点: 7.1分钟
[2026-01-26 01:37:06] [INFO]    距离下一个整点: 7.9分钟
[2026-01-26 01:37:06] [INFO] 🎯 决策: 参与上一个市场 (间隔7.1分钟 <= 10分钟)
[2026-01-26 01:37:06] [INFO] 🔍 查询市场: https://gamma-api.polymarket.com/markets/slug/btc-updown-15m-1769362200
[2026-01-26 01:37:06] [INFO] ✅ 找到可用市场: Bitcoin Up or Down - January 25, 12:30PM-12:45PM ET
[2026-01-26 01:37:06] [INFO] 🎯 立即参与市场: 参与上一个市场 (间隔7.1分钟)
[2026-01-26 01:37:06] [INFO] 📊 市场: Bitcoin Up or Down - January 25, 12:30PM-12:45PM ET
[2026-01-26 01:37:06] [INFO] 🚀 启动交易策略
[2026-01-26 01:37:06] [INFO]    市场ID: 1259505
[2026-01-26 01:37:06] [INFO]    BTC价格: $87,912.10
[2026-01-26 01:37:06] [INFO]    交易金额: $5.0
[2026-01-26 01:37:06] [INFO] 📝 执行命令: /Library/Frameworks/Python.framework/Versions/3.14/bin/python3 btc_15min_strategy.py 1259505 5.0 87912.1
[2026-01-26 01:37:06] [INFO] ✅ 策略进程已启动 (PID: 27931)
[2026-01-26 01:37:06] [INFO] ✅ 智能交易周期启动成功
[2026-01-26 01:37:06] [INFO] 📊 策略正在运行中...
[2026-01-26 01:37:07] [INFO] 🛑 停止BTC智能自动交易器
[2026-01-26 01:37:07] [INFO] ⚠️ 停止策略进程
[2026-01-26 01:37:07] [INFO] 🛑 停止BTC智能自动交易器
[2026-01-26 01:37:07] [INFO] 🛑 停止BTC智能自动交易器
